2024-05-06 12:51:24 INFO  LogReader:15 - chrome browser launched
2024-05-06 12:51:25 INFO  LogReader:15 - url launched
2024-05-06 12:54:00 INFO  LogReader:15 - chrome browser launched
2024-05-06 12:54:01 INFO  LogReader:15 - url launched
2024-05-06 12:56:33 INFO  LogReader:15 - chrome browser launched
2024-05-06 12:56:34 INFO  LogReader:15 - url launched
2024-05-06 13:01:19 INFO  LogReader:15 - chrome browser launched
2024-05-06 13:01:20 INFO  LogReader:15 - url launched
2024-05-06 13:03:53 INFO  LogReader:15 - chrome browser launched
2024-05-06 13:03:54 INFO  LogReader:15 - url launched
2024-05-24 11:50:57 INFO  LogReader:15 - chrome browser launched
2024-05-24 11:50:58 INFO  LogReader:15 - url launched
2024-05-24 12:03:52 INFO  LogReader:15 - chrome browser launched
2024-05-24 12:03:53 INFO  LogReader:15 - url launched
2024-05-24 12:06:32 INFO  LogReader:15 - chrome browser launched
2024-05-24 12:06:33 INFO  LogReader:15 - url launched
2024-05-24 12:08:05 INFO  LogReader:15 - chrome browser launched
2024-05-24 12:08:06 INFO  LogReader:15 - url launched
2024-05-24 12:14:19 INFO  LogReader:15 - chrome browser launched
2024-05-24 12:14:21 INFO  LogReader:15 - url launched
2024-05-24 12:16:47 INFO  LogReader:15 - chrome browser launched
2024-05-24 12:16:48 INFO  LogReader:15 - url launched
2024-05-24 12:22:09 INFO  LogReader:15 - chrome browser launched
2024-05-24 12:22:13 INFO  LogReader:15 - url launched
2024-05-24 12:43:02 INFO  LogReader:15 - chrome browser launched
2024-05-24 12:43:03 INFO  LogReader:15 - url launched
2024-05-24 12:46:45 INFO  LogReader:15 - chrome browser launched
2024-05-24 12:46:46 INFO  LogReader:15 - url launched
2024-05-24 13:06:29 INFO  LogReader:15 - chrome browser launched
2024-05-24 13:06:30 INFO  LogReader:15 - url launched
2024-05-24 13:11:08 INFO  LogReader:15 - chrome browser launched
2024-05-24 13:11:09 INFO  LogReader:15 - url launched
2024-05-24 13:53:12 INFO  LogReader:15 - chrome browser launched
2024-05-24 13:53:13 INFO  LogReader:15 - url launched
2024-05-24 14:01:28 INFO  LogReader:15 - chrome browser launched
2024-05-24 14:01:29 INFO  LogReader:15 - url launched
2024-05-24 14:02:50 INFO  LogReader:15 - chrome browser launched
2024-05-24 14:02:50 INFO  LogReader:15 - url launched
2024-05-24 14:07:32 INFO  LogReader:15 - chrome browser launched
2024-05-24 14:07:33 INFO  LogReader:15 - url launched
2024-05-24 14:09:13 INFO  LogReader:15 - chrome browser launched
2024-05-24 14:09:13 INFO  LogReader:15 - url launched
2024-05-24 14:12:06 INFO  LogReader:15 - chrome browser launched
2024-05-24 14:12:07 INFO  LogReader:15 - url launched
2024-05-24 14:20:11 INFO  LogReader:15 - chrome browser launched
2024-05-24 14:20:12 INFO  LogReader:15 - url launched
2024-05-24 14:25:17 INFO  LogReader:15 - chrome browser launched
2024-05-24 14:25:19 INFO  LogReader:15 - url launched
2024-05-24 14:28:12 INFO  LogReader:15 - chrome browser launched
2024-05-24 14:28:13 INFO  LogReader:15 - url launched
2024-05-24 14:30:21 INFO  LogReader:15 - chrome browser launched
2024-05-24 14:30:26 INFO  LogReader:15 - url launched
2024-05-24 14:33:19 INFO  LogReader:15 - chrome browser launched
2024-05-24 14:33:20 INFO  LogReader:15 - url launched
2024-05-24 16:05:58 INFO  LogReader:15 - chrome browser launched
2024-05-24 16:05:58 INFO  LogReader:15 - url launched
2024-05-24 16:08:52 INFO  LogReader:15 - chrome browser launched
2024-05-24 16:08:52 INFO  LogReader:15 - url launched
2024-05-24 16:18:57 INFO  LogReader:15 - chrome browser launched
2024-05-24 16:18:58 INFO  LogReader:15 - url launched
2024-05-24 16:21:51 INFO  LogReader:15 - chrome browser launched
2024-05-24 16:21:53 INFO  LogReader:15 - url launched
2024-05-26 23:06:57 INFO  LogReader:15 - chrome browser launched
2024-05-26 23:07:00 INFO  LogReader:15 - url launched
2024-05-26 23:09:58 INFO  LogReader:15 - chrome browser launched
2024-05-26 23:09:59 INFO  LogReader:15 - url launched
2024-05-26 23:11:20 INFO  LogReader:15 - chrome browser launched
2024-05-26 23:11:20 INFO  LogReader:15 - url launched
2024-05-26 23:14:21 INFO  LogReader:15 - chrome browser launched
2024-05-26 23:14:22 INFO  LogReader:15 - url launched
2024-05-26 23:17:06 INFO  LogReader:15 - chrome browser launched
2024-05-26 23:17:07 INFO  LogReader:15 - url launched
2024-05-26 23:19:24 INFO  LogReader:15 - chrome browser launched
2024-05-26 23:19:25 INFO  LogReader:15 - url launched
2024-05-26 23:22:23 INFO  LogReader:15 - chrome browser launched
2024-05-26 23:22:24 INFO  LogReader:15 - url launched
2024-05-26 23:28:51 INFO  LogReader:15 - chrome browser launched
2024-05-26 23:28:52 INFO  LogReader:15 - url launched
2024-05-26 23:31:51 INFO  LogReader:15 - chrome browser launched
2024-05-26 23:31:53 INFO  LogReader:15 - url launched
2024-05-27 07:01:01 INFO  LogReader:15 - chrome browser launched
2024-05-27 07:01:04 INFO  LogReader:15 - url launched
2024-05-27 07:04:05 INFO  LogReader:15 - chrome browser launched
2024-05-27 07:04:07 INFO  LogReader:15 - url launched
2024-05-27 10:49:25 INFO  LogReader:15 - chrome browser launched
2024-05-27 10:49:25 INFO  LogReader:15 - url launched
2024-05-27 10:52:18 INFO  LogReader:15 - chrome browser launched
2024-05-27 10:52:19 INFO  LogReader:15 - url launched
2024-05-27 11:13:40 INFO  LogReader:15 - chrome browser launched
2024-05-27 11:13:41 INFO  LogReader:15 - url launched
2024-05-27 11:16:35 INFO  LogReader:15 - chrome browser launched
2024-05-27 11:16:38 INFO  LogReader:15 - url launched
2024-05-27 11:17:33 INFO  LogReader:15 - chrome browser launched
2024-05-27 11:17:34 INFO  LogReader:15 - url launched
2024-05-27 11:19:30 INFO  LogReader:15 - chrome browser launched
2024-05-27 11:19:31 INFO  LogReader:15 - url launched
2024-05-27 11:20:26 INFO  LogReader:15 - chrome browser launched
2024-05-27 11:20:27 INFO  LogReader:15 - url launched
2024-05-27 11:23:20 INFO  LogReader:15 - chrome browser launched
2024-05-27 11:23:21 INFO  LogReader:15 - url launched
2024-05-27 11:49:06 INFO  LogReader:15 - chrome browser launched
2024-05-27 11:49:07 INFO  LogReader:15 - url launched
2024-05-27 11:52:20 INFO  LogReader:15 - chrome browser launched
2024-05-27 11:52:21 INFO  LogReader:15 - url launched
2024-05-27 11:55:14 INFO  LogReader:15 - chrome browser launched
2024-05-27 11:55:15 INFO  LogReader:15 - url launched
2024-05-27 12:48:15 INFO  LogReader:15 - chrome browser launched
2024-05-27 12:48:16 INFO  LogReader:15 - url launched
2024-05-27 12:51:09 INFO  LogReader:15 - chrome browser launched
2024-05-27 12:51:09 INFO  LogReader:15 - url launched
2024-05-27 13:11:13 INFO  LogReader:15 - chrome browser launched
2024-05-27 13:11:14 INFO  LogReader:15 - url launched
2024-05-27 13:14:09 INFO  LogReader:15 - chrome browser launched
2024-05-27 13:14:09 INFO  LogReader:15 - url launched
2024-05-27 14:12:22 INFO  LogReader:15 - chrome browser launched
2024-05-27 14:12:22 INFO  LogReader:15 - url launched
2024-05-27 14:15:16 INFO  LogReader:15 - chrome browser launched
2024-05-27 14:15:16 INFO  LogReader:15 - url launched
2024-05-27 14:26:23 INFO  LogReader:15 - chrome browser launched
2024-05-27 14:26:24 INFO  LogReader:15 - url launched
2024-05-27 14:29:17 INFO  LogReader:15 - chrome browser launched
2024-05-27 14:29:18 INFO  LogReader:15 - url launched
2024-05-27 14:35:45 INFO  LogReader:15 - chrome browser launched
2024-05-27 14:35:46 INFO  LogReader:15 - url launched
2024-05-27 14:38:39 INFO  LogReader:15 - chrome browser launched
2024-05-27 14:38:39 INFO  LogReader:15 - url launched
2024-05-27 14:46:15 INFO  LogReader:15 - chrome browser launched
2024-05-27 14:46:15 INFO  LogReader:15 - url launched
2024-05-27 14:49:10 INFO  LogReader:15 - chrome browser launched
2024-05-27 14:49:10 INFO  LogReader:15 - url launched
2024-05-27 14:51:45 INFO  LogReader:15 - chrome browser launched
2024-05-27 14:51:45 INFO  LogReader:15 - url launched
2024-05-27 14:54:39 INFO  LogReader:15 - chrome browser launched
2024-05-27 14:54:39 INFO  LogReader:15 - url launched
2024-05-27 15:17:33 INFO  LogReader:15 - chrome browser launched
2024-05-27 15:17:34 INFO  LogReader:15 - url launched
2024-05-27 15:20:27 INFO  LogReader:15 - chrome browser launched
2024-05-27 15:20:28 INFO  LogReader:15 - url launched
2024-05-27 15:24:39 INFO  LogReader:15 - chrome browser launched
2024-05-27 15:24:40 INFO  LogReader:15 - url launched
2024-05-27 15:29:41 INFO  LogReader:15 - chrome browser launched
2024-05-27 15:29:41 INFO  LogReader:15 - url launched
2024-05-27 15:31:51 INFO  LogReader:15 - chrome browser launched
2024-05-27 15:31:52 INFO  LogReader:15 - url launched
2024-05-27 15:34:05 INFO  LogReader:15 - chrome browser launched
2024-05-27 15:34:06 INFO  LogReader:15 - url launched
2024-05-27 20:55:51 INFO  LogReader:15 - chrome browser launched
2024-05-27 20:55:52 INFO  LogReader:15 - url launched
2024-05-27 20:57:55 INFO  LogReader:15 - chrome browser launched
2024-05-27 20:57:56 INFO  LogReader:15 - url launched
2024-05-27 21:00:00 INFO  LogReader:15 - chrome browser launched
2024-05-27 21:00:01 INFO  LogReader:15 - url launched
2024-05-27 21:28:48 INFO  LogReader:15 - chrome browser launched
2024-05-27 21:28:50 INFO  LogReader:15 - url launched
2024-05-27 21:31:35 INFO  LogReader:15 - chrome browser launched
2024-05-27 21:31:37 INFO  LogReader:15 - url launched
2024-05-28 10:13:20 INFO  LogReader:15 - chrome browser launched
2024-05-28 10:13:21 INFO  LogReader:15 - url launched
2024-05-28 10:16:24 INFO  LogReader:15 - chrome browser launched
2024-05-28 10:16:26 INFO  LogReader:15 - url launched
2024-05-28 10:18:01 INFO  LogReader:15 - chrome browser launched
2024-05-28 10:18:03 INFO  LogReader:15 - url launched
2024-05-28 10:21:11 INFO  LogReader:15 - chrome browser launched
2024-05-28 10:21:15 INFO  LogReader:15 - url launched
2024-05-28 10:25:15 INFO  LogReader:15 - chrome browser launched
2024-05-28 10:25:19 INFO  LogReader:15 - url launched
2024-05-28 10:26:19 INFO  LogReader:15 - chrome browser launched
2024-05-28 10:26:25 INFO  LogReader:15 - url launched
2024-05-28 10:30:05 INFO  LogReader:15 - chrome browser launched
2024-05-28 10:30:07 INFO  LogReader:15 - url launched
2024-05-28 10:31:44 INFO  LogReader:15 - chrome browser launched
2024-05-28 10:31:50 INFO  LogReader:15 - url launched
2024-05-28 10:34:31 INFO  LogReader:15 - chrome browser launched
2024-05-28 10:34:34 INFO  LogReader:15 - url launched
2024-05-28 10:36:07 INFO  LogReader:15 - chrome browser launched
2024-05-28 10:36:12 INFO  LogReader:15 - url launched
2024-05-28 10:39:09 INFO  LogReader:15 - chrome browser launched
2024-05-28 10:39:10 INFO  LogReader:15 - url launched
2024-05-28 10:41:02 INFO  LogReader:15 - chrome browser launched
2024-05-28 10:41:03 INFO  LogReader:15 - url launched
2024-05-28 10:43:58 INFO  LogReader:15 - chrome browser launched
2024-05-28 10:43:59 INFO  LogReader:15 - url launched
2024-05-28 10:54:37 INFO  LogReader:15 - chrome browser launched
2024-05-28 10:54:37 INFO  LogReader:15 - url launched
2024-05-28 10:57:34 INFO  LogReader:15 - chrome browser launched
2024-05-28 10:57:35 INFO  LogReader:15 - url launched
2024-05-28 11:07:12 INFO  LogReader:15 - chrome browser launched
2024-05-28 11:07:13 INFO  LogReader:15 - url launched
2024-05-28 11:10:09 INFO  LogReader:15 - chrome browser launched
2024-05-28 11:10:09 INFO  LogReader:15 - url launched
2024-05-28 11:14:46 INFO  LogReader:15 - chrome browser launched
2024-05-28 11:14:47 INFO  LogReader:15 - url launched
2024-05-28 11:17:43 INFO  LogReader:15 - chrome browser launched
2024-05-28 11:17:43 INFO  LogReader:15 - url launched
2024-05-28 11:18:42 INFO  LogReader:15 - chrome browser launched
2024-05-28 11:18:43 INFO  LogReader:15 - url launched
2024-05-28 11:21:38 INFO  LogReader:15 - chrome browser launched
2024-05-28 11:21:39 INFO  LogReader:15 - url launched
2024-05-28 11:29:07 INFO  LogReader:15 - chrome browser launched
2024-05-28 11:29:07 INFO  LogReader:15 - url launched
2024-05-28 11:32:03 INFO  LogReader:15 - chrome browser launched
2024-05-28 11:32:04 INFO  LogReader:15 - url launched
2024-05-28 11:39:04 INFO  LogReader:15 - chrome browser launched
2024-05-28 11:39:05 INFO  LogReader:15 - url launched
2024-05-28 11:42:00 INFO  LogReader:15 - chrome browser launched
2024-05-28 11:42:00 INFO  LogReader:15 - url launched
2024-05-28 11:49:55 INFO  LogReader:15 - chrome browser launched
2024-05-28 11:49:56 INFO  LogReader:15 - url launched
2024-05-28 11:52:25 INFO  LogReader:15 - chrome browser launched
2024-05-28 11:52:26 INFO  LogReader:15 - url launched
2024-05-28 11:53:58 INFO  LogReader:15 - chrome browser launched
2024-05-28 11:53:59 INFO  LogReader:15 - url launched
2024-05-28 11:56:55 INFO  LogReader:15 - chrome browser launched
2024-05-28 11:56:56 INFO  LogReader:15 - url launched
2024-05-28 12:01:51 INFO  LogReader:15 - chrome browser launched
2024-05-28 12:01:52 INFO  LogReader:15 - url launched
2024-05-28 12:04:48 INFO  LogReader:15 - chrome browser launched
2024-05-28 12:04:49 INFO  LogReader:15 - url launched
2024-05-28 12:05:52 INFO  LogReader:15 - chrome browser launched
2024-05-28 12:05:53 INFO  LogReader:15 - url launched
2024-05-28 12:08:48 INFO  LogReader:15 - chrome browser launched
2024-05-28 12:08:51 INFO  LogReader:15 - url launched
2024-05-28 12:16:34 INFO  LogReader:15 - chrome browser launched
2024-05-28 12:16:34 INFO  LogReader:15 - url launched
2024-05-28 12:19:31 INFO  LogReader:15 - chrome browser launched
2024-05-28 12:19:32 INFO  LogReader:15 - url launched
2024-05-28 12:21:20 INFO  LogReader:15 - chrome browser launched
2024-05-28 12:21:21 INFO  LogReader:15 - url launched
2024-05-28 12:24:18 INFO  LogReader:15 - chrome browser launched
2024-05-28 12:24:18 INFO  LogReader:15 - url launched
2024-05-28 14:18:09 INFO  LogReader:15 - chrome browser launched
2024-05-28 14:18:10 INFO  LogReader:15 - url launched
2024-05-28 14:21:25 INFO  LogReader:15 - chrome browser launched
2024-05-28 14:21:26 INFO  LogReader:15 - url launched
2024-05-28 14:23:32 INFO  LogReader:15 - chrome browser launched
2024-05-28 14:23:33 INFO  LogReader:15 - url launched
2024-05-28 14:25:08 INFO  LogReader:15 - chrome browser launched
2024-05-28 14:25:10 INFO  LogReader:15 - url launched
2024-05-28 14:26:52 INFO  LogReader:15 - chrome browser launched
2024-05-28 14:26:54 INFO  LogReader:15 - url launched
2024-05-28 14:31:04 INFO  LogReader:15 - chrome browser launched
2024-05-28 14:31:05 INFO  LogReader:15 - url launched
2024-05-28 14:31:58 INFO  LogReader:15 - chrome browser launched
2024-05-28 14:32:00 INFO  LogReader:15 - url launched
2024-05-28 14:35:03 INFO  LogReader:15 - chrome browser launched
2024-05-28 14:35:04 INFO  LogReader:15 - url launched
2024-05-28 14:36:55 INFO  LogReader:15 - chrome browser launched
2024-05-28 14:36:56 INFO  LogReader:15 - url launched
2024-05-28 14:38:12 INFO  LogReader:15 - chrome browser launched
2024-05-28 14:38:12 INFO  LogReader:15 - url launched
2024-05-28 14:41:15 INFO  LogReader:15 - chrome browser launched
2024-05-28 14:41:17 INFO  LogReader:15 - url launched
2024-05-28 14:42:54 INFO  LogReader:15 - chrome browser launched
2024-05-28 14:42:55 INFO  LogReader:15 - url launched
2024-05-28 14:45:04 INFO  LogReader:15 - chrome browser launched
2024-05-28 14:45:05 INFO  LogReader:15 - url launched
2024-05-28 14:45:44 INFO  LogReader:15 - chrome browser launched
2024-05-28 14:45:45 INFO  LogReader:15 - url launched
2024-05-28 14:48:47 INFO  LogReader:15 - chrome browser launched
2024-05-28 14:48:49 INFO  LogReader:15 - url launched
2024-05-28 17:30:14 INFO  LogReader:15 - chrome browser launched
2024-05-28 17:30:16 INFO  LogReader:15 - url launched
2024-05-28 17:31:41 INFO  LogReader:15 - chrome browser launched
2024-05-28 17:31:45 INFO  LogReader:15 - url launched
2024-05-28 17:34:47 INFO  LogReader:15 - chrome browser launched
2024-05-28 17:34:48 INFO  LogReader:15 - url launched
2024-05-31 10:11:41 INFO  LogReader:15 - chrome browser launched
2024-05-31 10:11:44 INFO  LogReader:15 - url launched
2024-05-31 10:14:46 INFO  LogReader:15 - chrome browser launched
2024-05-31 10:14:48 INFO  LogReader:15 - url launched
2024-05-31 11:37:30 INFO  LogReader:15 - chrome browser launched
2024-05-31 11:37:31 INFO  LogReader:15 - url launched
2024-05-31 12:11:27 INFO  LogReader:15 - chrome browser launched
2024-05-31 12:11:28 INFO  LogReader:15 - url launched
2024-05-31 12:28:03 INFO  LogReader:15 - chrome browser launched
2024-05-31 12:28:04 INFO  LogReader:15 - url launched
2024-05-31 12:31:06 INFO  LogReader:15 - chrome browser launched
2024-05-31 12:31:08 INFO  LogReader:15 - url launched
2024-05-31 12:48:46 INFO  LogReader:15 - chrome browser launched
2024-05-31 12:48:47 INFO  LogReader:15 - url launched
2024-05-31 14:08:06 INFO  LogReader:15 - chrome browser launched
2024-05-31 14:08:08 INFO  LogReader:15 - url launched
2024-05-31 14:11:05 INFO  LogReader:15 - chrome browser launched
2024-05-31 14:11:06 INFO  LogReader:15 - url launched
2024-05-31 14:25:30 INFO  LogReader:15 - chrome browser launched
2024-05-31 14:25:31 INFO  LogReader:15 - url launched
2024-06-01 18:20:57 INFO  LogReader:15 - chrome browser launched
2024-06-01 18:20:59 INFO  LogReader:15 - url launched
2024-06-01 18:23:52 INFO  LogReader:15 - chrome browser launched
2024-06-01 18:24:02 INFO  LogReader:15 - url launched
2024-06-01 19:30:26 INFO  LogReader:15 - chrome browser launched
2024-06-01 19:30:28 INFO  LogReader:15 - url launched
2024-06-01 19:33:22 INFO  LogReader:15 - chrome browser launched
2024-06-01 19:33:23 INFO  LogReader:15 - url launched
2024-06-03 11:49:47 INFO  LogReader:15 - chrome browser launched
2024-06-03 11:49:48 INFO  LogReader:15 - url launched
2024-06-03 15:03:00 INFO  LogReader:15 - chrome browser launched
2024-06-03 15:03:01 INFO  LogReader:15 - url launched
2024-06-03 15:16:28 INFO  LogReader:15 - chrome browser launched
2024-06-03 15:16:29 INFO  LogReader:15 - url launched
2024-06-03 15:17:49 INFO  LogReader:15 - chrome browser launched
2024-06-03 15:17:49 INFO  LogReader:15 - url launched
2024-06-03 15:44:33 INFO  LogReader:15 - chrome browser launched
2024-06-03 15:44:33 INFO  LogReader:15 - url launched
2024-06-03 15:58:24 INFO  LogReader:15 - chrome browser launched
2024-06-03 15:58:25 INFO  LogReader:15 - url launched
2024-06-03 16:04:03 INFO  LogReader:15 - chrome browser launched
2024-06-03 16:04:03 INFO  LogReader:15 - url launched
2024-06-03 16:09:11 INFO  LogReader:15 - chrome browser launched
2024-06-03 16:09:12 INFO  LogReader:15 - url launched
2024-06-03 16:10:07 INFO  LogReader:15 - chrome browser launched
2024-06-03 16:10:08 INFO  LogReader:15 - url launched
2024-06-03 16:11:53 INFO  LogReader:15 - chrome browser launched
2024-06-03 16:11:56 INFO  LogReader:15 - url launched
2024-06-03 16:26:21 INFO  LogReader:15 - chrome browser launched
2024-06-03 16:26:22 INFO  LogReader:15 - url launched
2024-06-03 16:32:23 INFO  LogReader:15 - chrome browser launched
2024-06-03 16:32:24 INFO  LogReader:15 - url launched
2024-06-03 16:38:44 INFO  LogReader:15 - chrome browser launched
2024-06-03 16:38:45 INFO  LogReader:15 - url launched
2024-06-03 16:45:14 INFO  LogReader:15 - chrome browser launched
2024-06-03 16:45:15 INFO  LogReader:15 - url launched
2024-06-03 16:48:09 INFO  LogReader:15 - chrome browser launched
2024-06-03 16:48:09 INFO  LogReader:15 - url launched
2024-06-04 09:49:17 INFO  LogReader:15 - chrome browser launched
2024-06-04 09:49:18 INFO  LogReader:15 - url launched
2024-06-04 09:52:12 INFO  LogReader:15 - chrome browser launched
2024-06-04 09:52:12 INFO  LogReader:15 - url launched
2024-06-04 10:24:45 INFO  LogReader:15 - chrome browser launched
2024-06-04 10:24:46 INFO  LogReader:15 - url launched
2024-06-04 10:27:42 INFO  LogReader:15 - chrome browser launched
2024-06-04 10:27:42 INFO  LogReader:15 - url launched
2024-06-04 10:39:50 INFO  LogReader:15 - chrome browser launched
2024-06-04 10:39:51 INFO  LogReader:15 - url launched
2024-06-04 10:42:44 INFO  LogReader:15 - chrome browser launched
2024-06-04 10:42:45 INFO  LogReader:15 - url launched
2024-06-04 11:19:41 INFO  LogReader:15 - chrome browser launched
2024-06-04 11:19:41 INFO  LogReader:15 - url launched
2024-06-04 11:20:33 INFO  LogReader:15 - chrome browser launched
2024-06-04 11:20:34 INFO  LogReader:15 - url launched
2024-06-04 11:31:05 INFO  LogReader:15 - chrome browser launched
2024-06-04 11:31:06 INFO  LogReader:15 - url launched
2024-06-04 11:33:59 INFO  LogReader:15 - chrome browser launched
2024-06-04 11:34:00 INFO  LogReader:15 - url launched
2024-06-04 14:01:33 INFO  LogReader:15 - chrome browser launched
2024-06-04 14:01:36 INFO  LogReader:15 - url launched
2024-06-04 14:03:45 INFO  LogReader:15 - chrome browser launched
2024-06-04 14:03:46 INFO  LogReader:15 - url launched
2024-06-04 14:08:59 INFO  LogReader:15 - chrome browser launched
2024-06-04 14:09:01 INFO  LogReader:15 - url launched
2024-06-04 14:09:24 INFO  LogReader:15 - chrome browser launched
2024-06-04 14:09:25 INFO  LogReader:15 - url launched
2024-06-04 14:10:37 INFO  LogReader:15 - chrome browser launched
2024-06-04 14:10:38 INFO  LogReader:15 - url launched
2024-06-04 14:12:24 INFO  LogReader:15 - chrome browser launched
2024-06-04 14:12:25 INFO  LogReader:15 - url launched
2024-06-04 14:21:44 INFO  LogReader:15 - chrome browser launched
2024-06-04 14:21:45 INFO  LogReader:15 - url launched
2024-06-04 14:22:41 INFO  LogReader:15 - chrome browser launched
2024-06-04 14:22:42 INFO  LogReader:15 - url launched
2024-06-04 14:33:10 INFO  LogReader:15 - chrome browser launched
2024-06-04 14:33:13 INFO  LogReader:15 - url launched
2024-06-04 14:35:33 INFO  LogReader:15 - chrome browser launched
2024-06-04 14:35:35 INFO  LogReader:15 - url launched
2024-06-04 15:21:38 INFO  LogReader:15 - chrome browser launched
2024-06-04 15:21:39 INFO  LogReader:15 - url launched
2024-06-04 15:26:48 INFO  LogReader:15 - chrome browser launched
2024-06-04 15:26:48 INFO  LogReader:15 - url launched
2024-06-04 15:46:10 INFO  LogReader:15 - chrome browser launched
2024-06-04 15:46:10 INFO  LogReader:15 - url launched
2024-06-04 15:48:08 INFO  LogReader:15 - chrome browser launched
2024-06-04 15:48:08 INFO  LogReader:15 - url launched
2024-06-04 15:53:29 INFO  LogReader:15 - chrome browser launched
2024-06-04 15:53:29 INFO  LogReader:15 - url launched
2024-06-04 15:54:52 INFO  LogReader:15 - chrome browser launched
2024-06-04 15:54:53 INFO  LogReader:15 - url launched
2024-06-04 15:59:35 INFO  LogReader:15 - chrome browser launched
2024-06-04 15:59:36 INFO  LogReader:15 - url launched
2024-06-04 16:03:17 INFO  LogReader:15 - chrome browser launched
2024-06-04 16:03:18 INFO  LogReader:15 - url launched
2024-06-04 16:06:55 INFO  LogReader:15 - chrome browser launched
2024-06-04 16:06:56 INFO  LogReader:15 - url launched
2024-06-04 16:10:55 INFO  LogReader:15 - chrome browser launched
2024-06-04 16:10:56 INFO  LogReader:15 - url launched
2024-06-04 16:48:12 INFO  LogReader:15 - chrome browser launched
2024-06-04 16:48:13 INFO  LogReader:15 - url launched
2024-06-04 16:52:13 INFO  LogReader:15 - chrome browser launched
2024-06-04 16:52:14 INFO  LogReader:15 - url launched
2024-06-04 16:55:40 INFO  LogReader:15 - chrome browser launched
2024-06-04 16:55:41 INFO  LogReader:15 - url launched
2024-06-04 16:59:09 INFO  LogReader:15 - chrome browser launched
2024-06-04 16:59:10 INFO  LogReader:15 - url launched
2024-06-04 20:31:36 INFO  LogReader:15 - chrome browser launched
2024-06-04 20:31:37 INFO  LogReader:15 - url launched
2024-06-05 10:17:06 INFO  LogReader:15 - chrome browser launched
2024-06-05 10:17:07 INFO  LogReader:15 - url launched
2024-06-05 10:20:52 INFO  LogReader:15 - chrome browser launched
2024-06-05 10:20:53 INFO  LogReader:15 - url launched
2024-06-05 10:23:24 INFO  LogReader:15 - chrome browser launched
2024-06-05 10:23:25 INFO  LogReader:15 - url launched
2024-06-05 10:24:43 INFO  LogReader:15 - chrome browser launched
2024-06-05 10:24:44 INFO  LogReader:15 - url launched
2024-06-05 10:47:09 INFO  LogReader:15 - chrome browser launched
2024-06-05 10:47:10 INFO  LogReader:15 - url launched
2024-06-05 10:48:03 INFO  LogReader:15 - chrome browser launched
2024-06-05 10:48:04 INFO  LogReader:15 - url launched
2024-06-05 10:53:37 INFO  LogReader:15 - chrome browser launched
2024-06-05 10:53:37 INFO  LogReader:15 - url launched
2024-06-05 10:57:35 INFO  LogReader:15 - chrome browser launched
2024-06-05 10:57:36 INFO  LogReader:15 - url launched
2024-06-05 11:01:28 INFO  LogReader:15 - chrome browser launched
2024-06-05 11:01:28 INFO  LogReader:15 - url launched
2024-06-05 11:17:45 INFO  LogReader:15 - chrome browser launched
2024-06-05 11:17:45 INFO  LogReader:15 - url launched
2024-06-05 11:22:45 INFO  LogReader:15 - chrome browser launched
2024-06-05 11:22:46 INFO  LogReader:15 - url launched
2024-06-05 11:34:27 INFO  LogReader:15 - chrome browser launched
2024-06-05 11:34:28 INFO  LogReader:15 - url launched
2024-06-05 12:01:04 INFO  LogReader:15 - chrome browser launched
2024-06-05 12:01:05 INFO  LogReader:15 - url launched
2024-06-05 13:18:37 INFO  LogReader:15 - chrome browser launched
2024-06-05 13:18:38 INFO  LogReader:15 - url launched
2024-06-05 16:46:09 INFO  LogReader:15 - chrome browser launched
2024-06-05 16:46:10 INFO  LogReader:15 - url launched
2024-06-05 16:50:33 ERROR LogReader:19 - Path to the chrome executable must be set
2024-06-05 16:56:05 ERROR LogReader:19 - Path to the chrome executable must be set
2024-06-05 16:57:16 ERROR LogReader:19 - Path to the chrome executable must be set
2024-06-05 16:57:49 ERROR LogReader:19 - Path to the chrome executable must be set
2024-06-05 17:14:11 ERROR LogReader:19 - Path to the chrome executable must be set
2024-06-05 17:19:28 ERROR LogReader:19 - Path to the chrome executable must be set
2024-06-05 17:26:50 ERROR LogReader:19 - Path to the chrome executable must be set
2024-06-05 17:29:54 ERROR LogReader:19 - Path to the chrome executable must be set
2024-06-05 17:30:54 INFO  LogReader:15 - chrome browser launched
2024-06-05 17:30:55 INFO  LogReader:15 - url launched
2024-06-05 17:31:17 INFO  LogReader:15 - chrome browser launched
2024-06-05 17:31:18 INFO  LogReader:15 - url launched
2024-06-05 17:37:56 INFO  LogReader:15 - chrome browser launched
2024-06-05 17:37:56 ERROR LogReader:19 - Cannot invoke "org.openqa.selenium.WebDriver.manage()" because "com.base.BaseClass.driver" is null
2024-06-05 17:39:48 INFO  LogReader:15 - chrome browser launched
2024-06-05 17:39:51 INFO  LogReader:15 - url launched
2024-06-05 17:55:44 INFO  LogReader:15 - chrome browser launched
2024-06-05 17:55:46 INFO  LogReader:15 - url launched
2024-06-06 09:32:10 INFO  LogReader:15 - chrome browser launched
2024-06-06 09:32:10 INFO  LogReader:15 - url launched
2024-06-06 09:37:37 INFO  LogReader:15 - chrome browser launched
2024-06-06 09:37:38 INFO  LogReader:15 - url launched
2024-06-06 09:38:55 INFO  LogReader:15 - chrome browser launched
2024-06-06 09:38:56 INFO  LogReader:15 - url launched
2024-06-06 10:55:28 INFO  LogReader:15 - chrome browser launched
2024-06-06 10:55:29 INFO  LogReader:15 - url launched
2024-06-06 11:03:31 INFO  LogReader:15 - chrome browser launched
2024-06-06 11:03:35 INFO  LogReader:15 - url launched
2024-06-06 11:09:30 INFO  LogReader:15 - chrome browser launched
2024-06-06 11:09:32 INFO  LogReader:15 - url launched
2024-06-06 11:12:57 INFO  LogReader:15 - chrome browser launched
2024-06-06 11:12:59 INFO  LogReader:15 - url launched
2024-06-06 12:10:27 INFO  LogReader:15 - chrome browser launched
2024-06-06 12:10:32 INFO  LogReader:15 - url launched
2024-06-06 12:12:12 INFO  LogReader:15 - chrome browser launched
2024-06-06 12:12:15 INFO  LogReader:15 - url launched
2024-06-06 12:12:58 INFO  LogReader:15 - chrome browser launched
2024-06-06 12:13:00 INFO  LogReader:15 - url launched
2024-06-06 12:16:47 INFO  LogReader:15 - chrome browser launched
2024-06-06 12:16:49 INFO  LogReader:15 - url launched
2024-06-06 12:35:42 INFO  LogReader:15 - chrome browser launched
2024-06-06 12:35:43 INFO  LogReader:15 - url launched
2024-06-06 12:38:11 INFO  LogReader:15 - chrome browser launched
2024-06-06 12:38:14 INFO  LogReader:15 - url launched
2024-06-06 15:09:09 INFO  LogReader:24 - chrome browser launched
2024-06-06 15:09:10 INFO  LogReader:24 - url launched
2024-06-06 15:13:14 INFO  LogReader:24 - chrome browser launched
2024-06-06 15:13:16 INFO  LogReader:24 - url launched
2024-06-06 15:13:58 INFO  LogReader:24 - chrome browser launched
2024-06-06 15:14:00 INFO  LogReader:24 - url launched
2024-06-06 15:17:14 INFO  LogReader:24 - chrome browser launched
2024-06-06 15:17:17 INFO  LogReader:24 - url launched
2024-06-06 16:24:02 INFO  LogReader:24 - chrome browser launched
2024-06-06 16:24:03 INFO  LogReader:24 - url launched
2024-06-06 16:27:18 INFO  LogReader:24 - chrome browser launched
2024-06-06 16:27:19 INFO  LogReader:24 - url launched
2024-06-06 16:32:16 INFO  LogReader:24 - chrome browser launched
2024-06-06 16:32:17 INFO  LogReader:24 - url launched
2024-06-06 16:35:33 INFO  LogReader:24 - chrome browser launched
2024-06-06 16:35:34 INFO  LogReader:24 - url launched
2024-06-06 19:53:37 INFO  LogReader:24 - chrome browser launched
2024-06-06 19:53:39 INFO  LogReader:24 - url launched
2024-06-06 19:56:51 INFO  LogReader:24 - chrome browser launched
2024-06-06 19:56:53 INFO  LogReader:24 - url launched
2024-06-06 20:10:09 INFO  LogReader:24 - chrome browser launched
2024-06-06 20:10:11 INFO  LogReader:24 - url launched
2024-06-06 20:15:35 INFO  LogReader:24 - chrome browser launched
2024-06-06 20:15:37 INFO  LogReader:24 - url launched
2024-06-06 20:18:45 INFO  LogReader:24 - chrome browser launched
2024-06-06 20:18:48 INFO  LogReader:24 - url launched
2024-06-06 20:22:19 INFO  LogReader:24 - chrome browser launched
2024-06-06 20:22:20 INFO  LogReader:24 - url launched
2024-06-06 20:25:28 INFO  LogReader:24 - chrome browser launched
2024-06-06 20:25:30 INFO  LogReader:24 - url launched
2024-06-06 20:29:23 INFO  LogReader:24 - chrome browser launched
2024-06-06 20:29:26 INFO  LogReader:24 - url launched
2024-06-06 20:32:34 INFO  LogReader:24 - chrome browser launched
2024-06-06 20:32:36 INFO  LogReader:24 - url launched
2024-06-06 20:43:48 INFO  LogReader:24 - chrome browser launched
2024-06-06 20:43:50 INFO  LogReader:24 - url launched
2024-06-06 20:46:58 INFO  LogReader:24 - chrome browser launched
2024-06-06 20:47:00 INFO  LogReader:24 - url launched
2024-06-06 20:51:43 INFO  LogReader:24 - chrome browser launched
2024-06-06 20:51:45 INFO  LogReader:24 - url launched
2024-06-06 20:53:32 INFO  LogReader:24 - chrome browser launched
2024-06-06 20:53:36 INFO  LogReader:24 - url launched
2024-06-06 20:56:44 INFO  LogReader:24 - chrome browser launched
2024-06-06 20:56:49 INFO  LogReader:24 - url launched
2024-06-07 00:20:19 INFO  LogReader:24 - chrome browser launched
2024-06-07 00:20:21 INFO  LogReader:24 - url launched
2024-06-07 00:21:36 INFO  LogReader:24 - chrome browser launched
2024-06-07 00:21:37 INFO  LogReader:24 - url launched
2024-06-07 00:24:22 INFO  LogReader:24 - chrome browser launched
2024-06-07 00:24:24 INFO  LogReader:24 - url launched
2024-06-07 06:58:58 INFO  LogReader:24 - chrome browser launched
2024-06-07 06:58:58 INFO  LogReader:24 - url launched
2024-06-07 07:02:06 INFO  LogReader:24 - chrome browser launched
2024-06-07 07:02:07 INFO  LogReader:24 - url launched
2024-06-07 07:05:14 INFO  LogReader:24 - chrome browser launched
2024-06-07 07:05:14 INFO  LogReader:24 - url launched
2024-06-07 07:08:23 INFO  LogReader:24 - chrome browser launched
2024-06-07 07:08:25 INFO  LogReader:24 - url launched
2024-06-07 07:15:27 INFO  LogReader:24 - chrome browser launched
2024-06-07 07:15:29 INFO  LogReader:24 - url launched
2024-06-07 07:18:37 INFO  LogReader:24 - chrome browser launched
2024-06-07 07:18:38 INFO  LogReader:24 - url launched
2024-06-07 08:04:06 INFO  LogReader:24 - chrome browser launched
2024-06-07 08:04:07 INFO  LogReader:24 - url launched
2024-06-07 08:04:08 INFO  LogReader:24 - chrome browser launched
2024-06-07 08:04:09 INFO  LogReader:24 - url launched
2024-06-07 08:04:11 INFO  LogReader:24 - chrome browser launched
2024-06-07 08:04:12 INFO  LogReader:24 - url launched
2024-06-07 08:06:23 INFO  LogReader:24 - chrome browser launched
2024-06-07 08:06:24 INFO  LogReader:24 - url launched
2024-06-07 08:06:25 INFO  LogReader:24 - chrome browser launched
2024-06-07 08:06:26 INFO  LogReader:24 - url launched
2024-06-07 08:06:28 INFO  LogReader:24 - chrome browser launched
2024-06-07 08:06:29 INFO  LogReader:24 - url launched
2024-06-07 08:07:19 INFO  LogReader:24 - chrome browser launched
2024-06-07 08:07:20 INFO  LogReader:24 - url launched
2024-06-07 08:07:21 INFO  LogReader:24 - chrome browser launched
2024-06-07 08:07:22 INFO  LogReader:24 - url launched
2024-06-07 08:07:23 INFO  LogReader:24 - chrome browser launched
2024-06-07 08:07:24 INFO  LogReader:24 - url launched
2024-06-07 08:10:31 INFO  LogReader:24 - chrome browser launched
2024-06-07 08:10:32 INFO  LogReader:24 - url launched
2024-06-07 08:13:41 INFO  LogReader:24 - chrome browser launched
2024-06-07 08:13:42 INFO  LogReader:24 - url launched
2024-06-07 08:20:15 INFO  LogReader:24 - chrome browser launched
2024-06-07 08:20:16 INFO  LogReader:24 - url launched
2024-06-07 08:22:48 INFO  LogReader:24 - chrome browser launched
2024-06-07 08:22:49 INFO  LogReader:24 - url launched
2024-06-07 08:25:56 INFO  LogReader:24 - chrome browser launched
2024-06-07 08:25:57 INFO  LogReader:24 - url launched
2024-06-07 08:28:50 INFO  LogReader:24 - chrome browser launched
2024-06-07 08:28:50 INFO  LogReader:24 - url launched
2024-06-07 08:31:59 INFO  LogReader:24 - chrome browser launched
2024-06-07 08:31:59 INFO  LogReader:24 - url launched
2024-06-07 10:14:54 INFO  LogReader:24 - chrome browser launched
2024-06-07 10:14:54 INFO  LogReader:24 - url launched
2024-06-07 10:18:09 INFO  LogReader:24 - chrome browser launched
2024-06-07 10:18:11 INFO  LogReader:24 - url launched
2024-06-07 10:57:12 INFO  LogReader:24 - chrome browser launched
2024-06-07 10:57:13 INFO  LogReader:24 - url launched
2024-06-07 11:00:29 INFO  LogReader:24 - chrome browser launched
2024-06-07 11:00:31 INFO  LogReader:24 - url launched
2024-06-07 11:02:30 INFO  LogReader:24 - chrome browser launched
2024-06-07 11:02:31 INFO  LogReader:24 - url launched
2024-06-07 11:05:48 INFO  LogReader:24 - chrome browser launched
2024-06-07 11:05:50 INFO  LogReader:24 - url launched
2024-06-07 12:01:49 INFO  LogReader:24 - chrome browser launched
2024-06-07 12:01:49 INFO  LogReader:24 - url launched
2024-06-07 12:01:50 INFO  LogReader:24 - chrome browser launched
2024-06-07 12:01:51 INFO  LogReader:24 - url launched
2024-06-07 12:50:37 INFO  LogReader:24 - chrome browser launched
2024-06-07 12:50:38 INFO  LogReader:24 - url launched
2024-06-07 12:55:17 INFO  LogReader:24 - chrome browser launched
2024-06-07 12:55:18 INFO  LogReader:24 - url launched
2024-06-07 13:00:56 INFO  LogReader:24 - chrome browser launched
2024-06-07 13:00:57 INFO  LogReader:24 - url launched
2024-06-07 13:02:13 INFO  LogReader:24 - chrome browser launched
2024-06-07 13:02:14 INFO  LogReader:24 - url launched
2024-06-07 13:12:02 INFO  LogReader:24 - chrome browser launched
2024-06-07 13:12:03 INFO  LogReader:24 - url launched
2024-06-07 13:12:53 INFO  LogReader:24 - chrome browser launched
2024-06-07 13:13:00 INFO  LogReader:24 - url launched
2024-06-07 13:14:33 INFO  LogReader:24 - chrome browser launched
2024-06-07 13:14:34 INFO  LogReader:24 - url launched
2024-06-07 13:17:51 INFO  LogReader:24 - chrome browser launched
2024-06-07 13:17:52 INFO  LogReader:24 - url launched
2024-06-07 15:20:56 INFO  LogReader:24 - chrome browser launched
2024-06-07 15:20:57 INFO  LogReader:24 - url launched
2024-06-07 15:21:02 INFO  LogReader:24 - chrome browser launched
2024-06-07 15:21:05 INFO  LogReader:24 - url launched
2024-06-07 15:21:10 INFO  LogReader:24 - chrome browser launched
2024-06-07 15:21:17 INFO  LogReader:24 - url launched
2024-06-07 15:42:47 INFO  LogReader:24 - chrome browser launched
2024-06-07 15:42:48 INFO  LogReader:24 - url launched
2024-06-07 15:42:51 INFO  LogReader:24 - chrome browser launched
2024-06-07 15:42:53 INFO  LogReader:24 - url launched
2024-06-07 15:42:57 INFO  LogReader:24 - chrome browser launched
2024-06-07 15:42:59 INFO  LogReader:24 - url launched
2024-06-09 09:57:28 INFO  LogReader:24 - chrome browser launched
2024-06-09 09:57:29 ERROR LogReader:28 - unknown error: net::ERR_NAME_NOT_RESOLVED
  (Session info: chrome=125.0.6422.141)
Build info: version: '4.19.1', revision: 'abe0ee07dc'
System info: os.name: 'Windows 10', os.arch: 'amd64', os.version: '10.0', java.version: '17.0.11'
Driver info: org.openqa.selenium.chrome.ChromeDriver
Command: [3c614c3478ff123287069398ff5b3a7b, get {url=https://digitaltwinarc-uat.ddns.net/}]
Capabilities {acceptInsecureCerts: false, browserName: chrome, browserVersion: 125.0.6422.141, chrome: {chromedriverVersion: 125.0.6422.141 (4b1e8393712..., userDataDir: C:\Users\Dell\AppData\Local...}, fedcm:accounts: true, goog:chromeOptions: {debuggerAddress: localhost:59521}, networkConnectionEnabled: false, pageLoadStrategy: normal, platformName: windows, proxy: Proxy(), se:cdp: ws://localhost:59521/devtoo..., se:cdpVersion: 125.0.6422.141, setWindowRect: true, strictFileInteractability: false, timeouts: {implicit: 0, pageLoad: 300000, script: 30000}, unhandledPromptBehavior: dismiss and notify, webauthn:extension:credBlob: true, webauthn:extension:largeBlob: true, webauthn:extension:minPinLength: true, webauthn:extension:prf: true, webauthn:virtualAuthenticators: true}
Session ID: 3c614c3478ff123287069398ff5b3a7b
2024-06-09 09:59:32 INFO  LogReader:24 - chrome browser launched
2024-06-09 09:59:32 ERROR LogReader:28 - unknown error: net::ERR_NAME_NOT_RESOLVED
  (Session info: chrome=125.0.6422.141)
Build info: version: '4.19.1', revision: 'abe0ee07dc'
System info: os.name: 'Windows 10', os.arch: 'amd64', os.version: '10.0', java.version: '17.0.11'
Driver info: org.openqa.selenium.chrome.ChromeDriver
Command: [3552d5d366c017fad952c02f506b68a1, get {url=https://digitaltwinarc-uat.ddns.net/}]
Capabilities {acceptInsecureCerts: false, browserName: chrome, browserVersion: 125.0.6422.141, chrome: {chromedriverVersion: 125.0.6422.141 (4b1e8393712..., userDataDir: C:\Users\Dell\AppData\Local...}, fedcm:accounts: true, goog:chromeOptions: {debuggerAddress: localhost:59613}, networkConnectionEnabled: false, pageLoadStrategy: normal, platformName: windows, proxy: Proxy(), se:cdp: ws://localhost:59613/devtoo..., se:cdpVersion: 125.0.6422.141, setWindowRect: true, strictFileInteractability: false, timeouts: {implicit: 0, pageLoad: 300000, script: 30000}, unhandledPromptBehavior: dismiss and notify, webauthn:extension:credBlob: true, webauthn:extension:largeBlob: true, webauthn:extension:minPinLength: true, webauthn:extension:prf: true, webauthn:virtualAuthenticators: true}
Session ID: 3552d5d366c017fad952c02f506b68a1
2024-06-09 10:19:29 INFO  LogReader:24 - chrome browser launched
2024-06-09 10:19:29 ERROR LogReader:28 - unknown error: net::ERR_NAME_NOT_RESOLVED
  (Session info: chrome=125.0.6422.141)
Build info: version: '4.19.1', revision: 'abe0ee07dc'
System info: os.name: 'Windows 10', os.arch: 'amd64', os.version: '10.0', java.version: '17.0.11'
Driver info: org.openqa.selenium.chrome.ChromeDriver
Command: [950756b1cc6abf41508be5699c3a8a05, get {url=https://digitaltwinarc-uat.ddns.net/}]
Capabilities {acceptInsecureCerts: false, browserName: chrome, browserVersion: 125.0.6422.141, chrome: {chromedriverVersion: 125.0.6422.141 (4b1e8393712..., userDataDir: C:\Users\Dell\AppData\Local...}, fedcm:accounts: true, goog:chromeOptions: {debuggerAddress: localhost:60438}, networkConnectionEnabled: false, pageLoadStrategy: normal, platformName: windows, proxy: Proxy(), se:cdp: ws://localhost:60438/devtoo..., se:cdpVersion: 125.0.6422.141, setWindowRect: true, strictFileInteractability: false, timeouts: {implicit: 0, pageLoad: 300000, script: 30000}, unhandledPromptBehavior: dismiss and notify, webauthn:extension:credBlob: true, webauthn:extension:largeBlob: true, webauthn:extension:minPinLength: true, webauthn:extension:prf: true, webauthn:virtualAuthenticators: true}
Session ID: 950756b1cc6abf41508be5699c3a8a05
2024-06-09 19:29:03 INFO  LogReader:24 - chrome browser launched
2024-06-09 19:29:04 INFO  LogReader:24 - url launched
2024-06-09 19:32:12 INFO  LogReader:24 - chrome browser launched
2024-06-09 19:32:13 INFO  LogReader:24 - url launched
2024-06-09 20:12:19 INFO  LogReader:24 - chrome browser launched
2024-06-09 20:12:20 INFO  LogReader:24 - url launched
2024-06-09 20:12:21 INFO  LogReader:24 - chrome browser launched
2024-06-09 20:12:22 INFO  LogReader:24 - url launched
2024-06-09 20:16:59 INFO  LogReader:24 - chrome browser launched
2024-06-09 20:17:00 INFO  LogReader:24 - url launched
2024-06-09 20:17:02 INFO  LogReader:24 - chrome browser launched
2024-06-09 20:17:03 INFO  LogReader:24 - url launched
2024-06-09 20:19:07 INFO  LogReader:24 - chrome browser launched
2024-06-09 20:19:08 INFO  LogReader:24 - url launched
2024-06-09 20:19:09 INFO  LogReader:24 - chrome browser launched
2024-06-09 20:19:10 INFO  LogReader:24 - url launched
2024-06-09 20:25:00 INFO  LogReader:24 - chrome browser launched
2024-06-09 20:25:01 INFO  LogReader:24 - url launched
2024-06-09 20:25:02 INFO  LogReader:24 - chrome browser launched
2024-06-09 20:25:03 INFO  LogReader:24 - url launched
2024-06-09 23:23:16 INFO  LogReader:24 - chrome browser launched
2024-06-09 23:23:17 INFO  LogReader:24 - url launched
2024-06-09 23:23:27 INFO  LogReader:24 - chrome browser launched
2024-06-09 23:23:29 INFO  LogReader:24 - url launched
2024-06-10 07:03:33 INFO  LogReader:24 - chrome browser launched
2024-06-10 07:03:35 INFO  LogReader:24 - url launched
2024-06-10 07:03:39 INFO  LogReader:24 - chrome browser launched
2024-06-10 07:03:41 INFO  LogReader:24 - url launched
2024-06-10 09:53:57 INFO  LogReader:24 - chrome browser launched
2024-06-10 09:53:57 INFO  LogReader:24 - url launched
2024-06-10 09:54:10 INFO  LogReader:24 - chrome browser launched
2024-06-10 09:54:10 INFO  LogReader:24 - url launched
2024-06-10 10:03:04 INFO  LogReader:24 - chrome browser launched
2024-06-10 10:03:05 INFO  LogReader:24 - url launched
2024-06-10 10:03:17 INFO  LogReader:24 - chrome browser launched
2024-06-10 10:03:20 INFO  LogReader:24 - url launched
2024-06-10 10:13:34 INFO  LogReader:24 - chrome browser launched
2024-06-10 10:13:35 INFO  LogReader:24 - url launched
2024-06-10 10:13:37 INFO  LogReader:24 - chrome browser launched
2024-06-10 10:13:43 INFO  LogReader:24 - url launched
2024-06-10 10:15:04 INFO  LogReader:24 - chrome browser launched
2024-06-10 10:15:04 INFO  LogReader:24 - url launched
2024-06-10 10:15:07 INFO  LogReader:24 - chrome browser launched
2024-06-10 10:15:08 INFO  LogReader:24 - url launched
2024-06-10 10:21:20 INFO  LogReader:24 - chrome browser launched
2024-06-10 10:21:20 INFO  LogReader:24 - url launched
2024-06-10 10:21:23 INFO  LogReader:24 - chrome browser launched
2024-06-10 10:21:26 INFO  LogReader:24 - url launched
2024-06-10 10:30:36 INFO  LogReader:24 - chrome browser launched
2024-06-10 10:30:37 INFO  LogReader:24 - url launched
2024-06-10 10:30:49 INFO  LogReader:24 - chrome browser launched
2024-06-10 10:30:50 INFO  LogReader:24 - url launched
2024-06-10 10:39:32 INFO  LogReader:24 - chrome browser launched
2024-06-10 10:39:34 INFO  LogReader:24 - url launched
2024-06-10 10:39:36 INFO  LogReader:24 - chrome browser launched
2024-06-10 10:39:37 INFO  LogReader:24 - url launched
2024-06-10 10:47:15 INFO  LogReader:24 - chrome browser launched
2024-06-10 10:47:15 INFO  LogReader:24 - url launched
2024-06-10 10:47:18 INFO  LogReader:24 - chrome browser launched
2024-06-10 10:47:18 INFO  LogReader:24 - url launched
2024-06-10 12:55:21 INFO  LogReader:24 - chrome browser launched
2024-06-10 12:55:21 INFO  LogReader:24 - url launched
2024-06-10 12:55:37 INFO  LogReader:24 - chrome browser launched
2024-06-10 12:55:38 INFO  LogReader:24 - url launched
2024-06-10 13:41:32 INFO  LogReader:24 - chrome browser launched
2024-06-10 13:41:33 INFO  LogReader:24 - url launched
2024-06-10 13:41:49 INFO  LogReader:24 - chrome browser launched
2024-06-10 13:41:51 INFO  LogReader:24 - url launched
2024-06-10 13:46:36 INFO  LogReader:24 - chrome browser launched
2024-06-10 13:46:37 INFO  LogReader:24 - url launched
2024-06-10 13:46:55 INFO  LogReader:24 - chrome browser launched
2024-06-10 13:46:56 INFO  LogReader:24 - url launched
2024-06-10 13:48:09 INFO  LogReader:24 - chrome browser launched
2024-06-10 13:48:10 INFO  LogReader:24 - url launched
2024-06-10 13:48:24 INFO  LogReader:24 - chrome browser launched
2024-06-10 13:48:26 INFO  LogReader:24 - url launched
2024-06-10 13:55:49 INFO  LogReader:24 - chrome browser launched
2024-06-10 13:55:53 INFO  LogReader:24 - url launched
2024-06-10 13:56:49 INFO  LogReader:24 - chrome browser launched
2024-06-10 13:56:50 INFO  LogReader:24 - url launched
2024-06-10 13:59:58 INFO  LogReader:24 - chrome browser launched
2024-06-10 14:00:01 INFO  LogReader:24 - url launched
2024-06-10 14:17:17 INFO  LogReader:24 - chrome browser launched
2024-06-10 14:17:18 INFO  LogReader:24 - url launched
2024-06-10 14:20:26 INFO  LogReader:24 - chrome browser launched
2024-06-10 14:20:29 INFO  LogReader:24 - url launched
2024-06-10 14:46:54 INFO  LogReader:24 - chrome browser launched
2024-06-10 14:46:54 INFO  LogReader:24 - url launched
2024-06-10 14:50:03 INFO  LogReader:24 - chrome browser launched
2024-06-10 14:50:05 INFO  LogReader:24 - url launched
2024-06-10 16:42:46 INFO  LogReader:24 - chrome browser launched
2024-06-10 16:42:46 INFO  LogReader:24 - url launched
2024-06-10 16:45:55 INFO  LogReader:24 - chrome browser launched
2024-06-10 16:45:58 INFO  LogReader:24 - url launched
2024-06-10 19:38:38 INFO  LogReader:24 - chrome browser launched
2024-06-10 19:38:40 INFO  LogReader:24 - url launched
2024-06-10 19:41:56 INFO  LogReader:24 - chrome browser launched
2024-06-10 19:41:57 INFO  LogReader:24 - url launched
2024-06-11 06:51:39 INFO  LogReader:24 - chrome browser launched
2024-06-11 06:51:40 INFO  LogReader:24 - url launched
2024-06-11 06:54:49 INFO  LogReader:24 - chrome browser launched
2024-06-11 06:54:50 INFO  LogReader:24 - url launched
2024-06-11 10:56:34 INFO  LogReader:24 - chrome browser launched
2024-06-11 10:56:35 INFO  LogReader:24 - url launched
2024-06-11 10:59:43 INFO  LogReader:24 - chrome browser launched
2024-06-11 10:59:44 INFO  LogReader:24 - url launched
2024-06-11 11:05:01 INFO  LogReader:24 - chrome browser launched
2024-06-11 11:05:02 INFO  LogReader:24 - url launched
2024-06-11 11:08:10 INFO  LogReader:24 - chrome browser launched
2024-06-11 11:08:11 INFO  LogReader:24 - url launched
2024-06-11 14:50:08 INFO  LogReader:24 - chrome browser launched
2024-06-11 14:50:09 INFO  LogReader:24 - url launched
2024-06-11 14:52:29 INFO  LogReader:24 - chrome browser launched
2024-06-11 14:52:30 INFO  LogReader:24 - url launched
2024-06-11 14:55:39 INFO  LogReader:24 - chrome browser launched
2024-06-11 14:55:40 INFO  LogReader:24 - url launched
2024-06-11 15:25:27 INFO  LogReader:24 - chrome browser launched
2024-06-11 15:25:28 INFO  LogReader:24 - url launched
2024-06-11 15:29:46 INFO  LogReader:24 - chrome browser launched
2024-06-11 15:29:47 INFO  LogReader:24 - url launched
2024-06-11 15:39:23 INFO  LogReader:24 - chrome browser launched
2024-06-11 15:39:24 INFO  LogReader:24 - url launched
2024-06-11 16:38:41 INFO  LogReader:24 - chrome browser launched
2024-06-11 16:38:42 INFO  LogReader:24 - url launched
2024-06-11 16:47:00 INFO  LogReader:24 - chrome browser launched
2024-06-11 16:47:01 INFO  LogReader:24 - url launched
2024-06-12 08:09:30 INFO  LogReader:24 - chrome browser launched
2024-06-12 08:09:32 INFO  LogReader:24 - url launched
2024-06-12 08:09:34 INFO  LogReader:24 - chrome browser launched
2024-06-12 08:09:35 INFO  LogReader:24 - url launched
2024-06-12 08:13:42 INFO  LogReader:24 - chrome browser launched
2024-06-12 08:13:43 INFO  LogReader:24 - url launched
2024-06-12 08:13:45 INFO  LogReader:24 - chrome browser launched
2024-06-12 08:13:46 INFO  LogReader:24 - url launched
2024-06-12 08:14:48 INFO  LogReader:24 - chrome browser launched
2024-06-12 08:14:49 INFO  LogReader:24 - url launched
2024-06-12 08:14:51 INFO  LogReader:24 - chrome browser launched
2024-06-12 08:14:52 INFO  LogReader:24 - url launched
2024-06-12 08:16:11 INFO  LogReader:24 - chrome browser launched
2024-06-12 08:16:13 INFO  LogReader:24 - url launched
2024-06-12 08:16:15 INFO  LogReader:24 - chrome browser launched
2024-06-12 08:16:16 INFO  LogReader:24 - url launched
2024-06-12 08:21:36 INFO  LogReader:24 - chrome browser launched
2024-06-12 08:21:37 INFO  LogReader:24 - url launched
2024-06-12 08:21:45 INFO  LogReader:24 - chrome browser launched
2024-06-12 08:21:45 INFO  LogReader:24 - url launched
2024-06-12 10:47:30 INFO  LogReader:24 - chrome browser launched
2024-06-12 10:47:31 INFO  LogReader:24 - url launched
2024-06-12 10:48:14 INFO  LogReader:24 - chrome browser launched
2024-06-12 10:48:14 INFO  LogReader:24 - url launched
2024-06-12 10:58:31 INFO  LogReader:24 - chrome browser launched
2024-06-12 10:58:32 INFO  LogReader:24 - url launched
2024-06-12 10:59:07 INFO  LogReader:24 - chrome browser launched
2024-06-12 10:59:08 INFO  LogReader:24 - url launched
2024-06-12 11:05:14 INFO  LogReader:24 - chrome browser launched
2024-06-12 11:05:15 INFO  LogReader:24 - url launched
2024-06-12 11:08:59 INFO  LogReader:24 - chrome browser launched
2024-06-12 11:09:00 INFO  LogReader:24 - url launched
2024-06-12 11:40:39 INFO  LogReader:24 - chrome browser launched
2024-06-12 11:40:43 INFO  LogReader:24 - url launched
2024-06-12 11:54:56 INFO  LogReader:24 - chrome browser launched
2024-06-12 11:54:57 INFO  LogReader:24 - url launched
2024-06-12 11:55:48 INFO  LogReader:24 - chrome browser launched
2024-06-12 11:55:51 INFO  LogReader:24 - url launched
2024-06-12 12:04:30 INFO  LogReader:24 - chrome browser launched
2024-06-12 12:04:31 INFO  LogReader:24 - url launched
2024-06-12 12:05:17 INFO  LogReader:24 - chrome browser launched
2024-06-12 12:05:21 INFO  LogReader:24 - url launched
2024-06-12 12:11:19 INFO  LogReader:24 - chrome browser launched
2024-06-12 12:11:20 INFO  LogReader:24 - url launched
2024-06-13 11:04:32 INFO  LogReader:24 - chrome browser launched
2024-06-13 11:04:34 INFO  LogReader:24 - url launched
2024-06-13 11:10:13 INFO  LogReader:24 - chrome browser launched
2024-06-13 11:10:14 INFO  LogReader:24 - url launched
2024-06-13 11:44:37 INFO  LogReader:24 - chrome browser launched
2024-06-13 11:44:37 INFO  LogReader:24 - url launched
2024-06-13 11:45:19 INFO  LogReader:24 - chrome browser launched
2024-06-13 11:45:20 INFO  LogReader:24 - url launched
2024-06-13 12:54:34 INFO  LogReader:24 - chrome browser launched
2024-06-13 12:54:35 INFO  LogReader:24 - url launched
2024-06-13 15:08:07 INFO  LogReader:24 - chrome browser launched
2024-06-13 15:08:10 INFO  LogReader:24 - url launched
2024-06-13 15:13:58 INFO  LogReader:24 - chrome browser launched
2024-06-13 15:14:00 INFO  LogReader:24 - url launched
2024-06-13 15:18:31 INFO  LogReader:24 - chrome browser launched
2024-06-13 15:18:34 INFO  LogReader:24 - url launched
2024-06-13 15:33:25 INFO  LogReader:24 - chrome browser launched
2024-06-13 15:33:27 INFO  LogReader:24 - url launched
2024-06-13 15:46:00 INFO  LogReader:24 - chrome browser launched
2024-06-13 15:46:01 INFO  LogReader:24 - url launched
2024-06-13 15:53:09 INFO  LogReader:24 - chrome browser launched
2024-06-13 15:53:30 INFO  LogReader:24 - url launched
2024-06-13 15:58:54 INFO  LogReader:24 - chrome browser launched
2024-06-13 15:58:56 INFO  LogReader:24 - url launched
2024-06-13 16:04:53 INFO  LogReader:24 - chrome browser launched
2024-06-13 16:04:55 INFO  LogReader:24 - url launched
2024-06-13 16:23:01 INFO  LogReader:24 - chrome browser launched
2024-06-13 16:23:03 INFO  LogReader:24 - url launched
2024-06-13 16:47:50 INFO  LogReader:24 - chrome browser launched
2024-06-13 16:47:51 INFO  LogReader:24 - url launched
2024-06-13 21:57:48 INFO  LogReader:24 - chrome browser launched
2024-06-13 21:57:50 INFO  LogReader:24 - url launched
2024-06-13 22:06:56 INFO  LogReader:24 - chrome browser launched
2024-06-13 22:06:58 INFO  LogReader:24 - url launched
2024-06-13 22:14:20 INFO  LogReader:24 - chrome browser launched
2024-06-13 22:14:22 INFO  LogReader:24 - url launched
2024-06-13 22:14:53 INFO  LogReader:24 - chrome browser launched
2024-06-13 22:14:55 INFO  LogReader:24 - url launched
2024-06-13 22:21:45 INFO  LogReader:24 - chrome browser launched
2024-06-13 22:21:46 INFO  LogReader:24 - url launched
2024-06-14 09:50:41 INFO  LogReader:24 - chrome browser launched
2024-06-14 09:50:42 INFO  LogReader:24 - url launched
2024-06-14 11:05:51 INFO  LogReader:24 - chrome browser launched
2024-06-14 11:05:51 INFO  LogReader:24 - url launched
2024-06-14 11:16:43 INFO  LogReader:24 - chrome browser launched
2024-06-14 11:16:44 INFO  LogReader:24 - url launched
2024-06-14 11:27:01 INFO  LogReader:24 - chrome browser launched
2024-06-14 11:27:02 INFO  LogReader:24 - url launched
2024-06-14 11:27:26 INFO  LogReader:24 - chrome browser launched
2024-06-14 11:27:26 INFO  LogReader:24 - url launched
2024-06-14 11:38:25 INFO  LogReader:24 - chrome browser launched
2024-06-14 11:38:32 INFO  LogReader:24 - url launched
2024-06-14 11:39:04 INFO  LogReader:24 - chrome browser launched
2024-06-14 11:39:05 INFO  LogReader:24 - url launched
2024-06-14 11:48:44 INFO  LogReader:24 - chrome browser launched
2024-06-14 11:48:45 INFO  LogReader:24 - url launched
2024-06-14 11:56:08 INFO  LogReader:24 - chrome browser launched
2024-06-14 11:56:08 INFO  LogReader:24 - url launched
2024-06-14 11:56:38 INFO  LogReader:24 - chrome browser launched
2024-06-14 11:56:39 INFO  LogReader:24 - url launched
2024-06-14 12:00:02 INFO  LogReader:24 - chrome browser launched
2024-06-14 12:00:02 INFO  LogReader:24 - url launched
2024-06-14 12:18:17 INFO  LogReader:24 - chrome browser launched
2024-06-14 12:18:18 INFO  LogReader:24 - url launched
2024-06-14 12:20:51 INFO  LogReader:24 - chrome browser launched
2024-06-14 12:20:52 INFO  LogReader:24 - url launched
2024-06-14 12:24:11 INFO  LogReader:24 - chrome browser launched
2024-06-14 12:24:12 INFO  LogReader:24 - url launched
2024-06-14 12:34:14 INFO  LogReader:24 - chrome browser launched
2024-06-14 12:34:15 INFO  LogReader:24 - url launched
2024-06-14 12:35:16 INFO  LogReader:24 - chrome browser launched
2024-06-14 12:35:17 INFO  LogReader:24 - url launched
2024-06-14 12:36:11 INFO  LogReader:24 - chrome browser launched
2024-06-14 12:36:12 INFO  LogReader:24 - url launched
2024-06-21 12:58:03 INFO  LogReader:24 - chrome browser launched
2024-06-21 12:58:05 INFO  LogReader:24 - url launched
2024-06-21 13:00:04 INFO  LogReader:24 - chrome browser launched
2024-06-21 13:00:05 INFO  LogReader:24 - url launched
2024-06-21 13:01:22 INFO  LogReader:24 - chrome browser launched
2024-06-21 13:01:24 INFO  LogReader:24 - url launched
2024-06-21 13:03:21 INFO  LogReader:24 - chrome browser launched
2024-06-21 13:03:22 INFO  LogReader:24 - url launched
2024-06-21 13:09:56 INFO  LogReader:24 - chrome browser launched
2024-06-21 13:09:57 INFO  LogReader:24 - url launched
2024-06-21 13:11:53 INFO  LogReader:24 - chrome browser launched
2024-06-21 13:11:54 INFO  LogReader:24 - url launched
2024-06-21 13:21:48 INFO  LogReader:24 - chrome browser launched
2024-06-21 13:21:49 INFO  LogReader:24 - url launched
2024-06-21 13:23:47 INFO  LogReader:24 - chrome browser launched
2024-06-21 13:23:48 INFO  LogReader:24 - url launched
2024-06-21 13:24:43 INFO  LogReader:24 - chrome browser launched
2024-06-21 13:24:43 INFO  LogReader:24 - url launched
2024-06-21 13:26:40 INFO  LogReader:24 - chrome browser launched
2024-06-21 13:26:41 INFO  LogReader:24 - url launched
2024-06-21 16:24:19 INFO  LogReader:24 - chrome browser launched
2024-06-21 16:24:19 INFO  LogReader:24 - url launched
2024-06-21 16:24:21 INFO  LogReader:24 - chrome browser launched
2024-06-21 16:24:22 INFO  LogReader:24 - url launched
2024-06-21 17:32:57 INFO  LogReader:24 - chrome browser launched
2024-06-21 17:32:58 INFO  LogReader:24 - url launched
2024-06-21 17:33:00 INFO  LogReader:24 - chrome browser launched
2024-06-21 17:33:00 INFO  LogReader:24 - url launched
2024-06-21 17:37:07 INFO  LogReader:24 - chrome browser launched
2024-06-21 17:37:08 INFO  LogReader:24 - url launched
2024-06-21 17:37:10 INFO  LogReader:24 - chrome browser launched
2024-06-21 17:37:11 INFO  LogReader:24 - url launched
2024-06-23 12:04:37 INFO  LogReader:24 - chrome browser launched
2024-06-23 12:04:38 INFO  LogReader:24 - url launched
2024-06-23 12:04:40 INFO  LogReader:24 - chrome browser launched
2024-06-23 12:04:41 INFO  LogReader:24 - url launched
2024-06-23 12:13:02 INFO  LogReader:24 - chrome browser launched
2024-06-23 12:13:02 INFO  LogReader:24 - url launched
2024-06-23 12:14:59 INFO  LogReader:24 - chrome browser launched
2024-06-23 12:15:00 INFO  LogReader:24 - url launched
2024-06-23 12:20:52 INFO  LogReader:24 - chrome browser launched
2024-06-23 12:20:53 INFO  LogReader:24 - url launched
2024-06-23 12:22:49 INFO  LogReader:24 - chrome browser launched
2024-06-23 12:22:50 INFO  LogReader:24 - url launched
2024-06-23 16:07:38 INFO  LogReader:24 - chrome browser launched
2024-06-23 16:07:39 INFO  LogReader:24 - url launched
2024-06-23 16:07:42 INFO  LogReader:24 - chrome browser launched
2024-06-23 16:07:44 INFO  LogReader:24 - url launched
2024-06-23 21:41:56 INFO  LogReader:24 - chrome browser launched
2024-06-23 21:41:57 INFO  LogReader:24 - url launched
2024-06-23 21:42:01 INFO  LogReader:24 - chrome browser launched
2024-06-23 21:42:03 INFO  LogReader:24 - url launched
2024-06-23 22:03:20 INFO  LogReader:24 - chrome browser launched
2024-06-23 22:03:21 INFO  LogReader:24 - url launched
2024-06-23 22:03:26 INFO  LogReader:24 - chrome browser launched
2024-06-23 22:03:27 INFO  LogReader:24 - url launched
2024-06-23 22:05:26 INFO  LogReader:24 - chrome browser launched
2024-06-23 22:05:27 INFO  LogReader:24 - url launched
2024-06-23 22:05:32 INFO  LogReader:24 - chrome browser launched
2024-06-23 22:05:34 INFO  LogReader:24 - url launched
2024-06-23 22:06:52 INFO  LogReader:24 - chrome browser launched
2024-06-23 22:06:54 INFO  LogReader:24 - url launched
2024-06-23 22:07:01 INFO  LogReader:24 - chrome browser launched
2024-06-23 22:07:02 INFO  LogReader:24 - url launched
2024-06-23 22:08:01 INFO  LogReader:24 - chrome browser launched
2024-06-23 22:08:02 INFO  LogReader:24 - url launched
2024-06-23 22:08:12 INFO  LogReader:24 - chrome browser launched
2024-06-23 22:08:13 INFO  LogReader:24 - url launched
2024-06-23 22:11:51 INFO  LogReader:24 - chrome browser launched
2024-06-23 22:11:52 INFO  LogReader:24 - url launched
2024-06-23 22:12:02 INFO  LogReader:24 - chrome browser launched
2024-06-23 22:12:03 INFO  LogReader:24 - url launched
2024-06-23 22:13:44 INFO  LogReader:24 - chrome browser launched
2024-06-23 22:13:45 INFO  LogReader:24 - url launched
2024-06-23 22:13:55 INFO  LogReader:24 - chrome browser launched
2024-06-23 22:13:56 INFO  LogReader:24 - url launched
2024-06-23 22:15:41 INFO  LogReader:24 - chrome browser launched
2024-06-23 22:15:42 INFO  LogReader:24 - url launched
2024-06-23 22:15:56 INFO  LogReader:24 - chrome browser launched
2024-06-23 22:15:57 INFO  LogReader:24 - url launched
2024-06-23 22:21:41 INFO  LogReader:24 - chrome browser launched
2024-06-23 22:21:41 INFO  LogReader:24 - url launched
2024-06-23 22:21:57 INFO  LogReader:24 - chrome browser launched
2024-06-23 22:21:59 INFO  LogReader:24 - url launched
2024-06-24 06:05:17 INFO  LogReader:24 - chrome browser launched
2024-06-24 06:05:17 INFO  LogReader:24 - url launched
2024-06-24 06:05:31 INFO  LogReader:24 - chrome browser launched
2024-06-24 06:05:32 INFO  LogReader:24 - url launched
2024-06-24 06:41:28 INFO  LogReader:24 - chrome browser launched
2024-06-24 06:41:49 INFO  LogReader:24 - url launched
2024-06-24 06:42:02 INFO  LogReader:24 - chrome browser launched
2024-06-24 06:42:03 INFO  LogReader:24 - url launched
2024-06-24 06:44:03 INFO  LogReader:24 - chrome browser launched
2024-06-24 06:44:03 INFO  LogReader:24 - url launched
2024-06-24 06:44:58 INFO  LogReader:24 - chrome browser launched
2024-06-24 06:44:58 INFO  LogReader:24 - url launched
2024-06-24 06:45:11 INFO  LogReader:24 - chrome browser launched
2024-06-24 06:45:13 INFO  LogReader:24 - url launched
2024-06-24 06:59:02 INFO  LogReader:24 - chrome browser launched
2024-06-24 06:59:02 INFO  LogReader:24 - url launched
2024-06-24 06:59:10 INFO  LogReader:24 - chrome browser launched
2024-06-24 06:59:10 INFO  LogReader:24 - url launched
2024-06-24 07:00:22 INFO  LogReader:24 - chrome browser launched
2024-06-24 07:00:23 INFO  LogReader:24 - url launched
2024-06-24 07:00:30 INFO  LogReader:24 - chrome browser launched
2024-06-24 07:00:31 INFO  LogReader:24 - url launched
2024-06-24 07:06:54 INFO  LogReader:24 - chrome browser launched
2024-06-24 07:06:55 INFO  LogReader:24 - url launched
2024-06-24 07:07:02 INFO  LogReader:24 - chrome browser launched
2024-06-24 07:07:03 INFO  LogReader:24 - url launched
2024-06-24 07:09:19 INFO  LogReader:24 - chrome browser launched
2024-06-24 07:09:19 INFO  LogReader:24 - url launched
2024-06-24 07:09:27 INFO  LogReader:24 - chrome browser launched
2024-06-24 07:09:27 INFO  LogReader:24 - url launched
2024-06-24 10:34:07 INFO  LogReader:24 - chrome browser launched
2024-06-24 10:34:10 INFO  LogReader:24 - url launched
2024-06-24 10:34:20 INFO  LogReader:24 - chrome browser launched
2024-06-24 10:34:23 INFO  LogReader:24 - url launched
2024-06-24 10:40:47 INFO  LogReader:24 - chrome browser launched
2024-06-24 10:40:48 INFO  LogReader:24 - url launched
2024-06-24 10:40:58 INFO  LogReader:24 - chrome browser launched
2024-06-24 10:40:59 INFO  LogReader:24 - url launched
2024-06-24 10:43:33 INFO  LogReader:24 - chrome browser launched
2024-06-24 10:43:33 INFO  LogReader:24 - url launched
2024-06-24 10:43:42 INFO  LogReader:24 - chrome browser launched
2024-06-24 10:43:44 INFO  LogReader:24 - url launched
2024-06-24 10:47:57 INFO  LogReader:24 - chrome browser launched
2024-06-24 10:47:58 INFO  LogReader:24 - url launched
2024-06-24 10:48:03 INFO  LogReader:24 - chrome browser launched
2024-06-24 10:48:05 INFO  LogReader:24 - url launched
2024-06-24 10:54:54 INFO  LogReader:24 - chrome browser launched
2024-06-24 10:54:55 INFO  LogReader:24 - url launched
2024-06-24 10:55:00 INFO  LogReader:24 - chrome browser launched
2024-06-24 10:55:01 INFO  LogReader:24 - url launched
2024-06-24 10:57:36 INFO  LogReader:24 - chrome browser launched
2024-06-24 10:57:37 INFO  LogReader:24 - url launched
2024-06-24 10:57:43 INFO  LogReader:24 - chrome browser launched
2024-06-24 10:57:44 INFO  LogReader:24 - url launched
2024-06-24 11:00:04 INFO  LogReader:24 - chrome browser launched
2024-06-24 11:00:09 INFO  LogReader:24 - url launched
2024-06-24 11:00:21 INFO  LogReader:24 - chrome browser launched
2024-06-24 11:00:23 INFO  LogReader:24 - url launched
2024-06-24 11:03:20 INFO  LogReader:24 - chrome browser launched
2024-06-24 11:03:21 INFO  LogReader:24 - url launched
2024-06-24 11:03:27 INFO  LogReader:24 - chrome browser launched
2024-06-24 11:03:29 INFO  LogReader:24 - url launched
2024-06-24 11:07:12 INFO  LogReader:24 - chrome browser launched
2024-06-24 11:07:13 INFO  LogReader:24 - url launched
2024-06-24 11:07:19 INFO  LogReader:24 - chrome browser launched
2024-06-24 11:07:20 INFO  LogReader:24 - url launched
2024-06-24 11:08:37 INFO  LogReader:24 - chrome browser launched
2024-06-24 11:08:38 INFO  LogReader:24 - url launched
2024-06-24 11:08:44 INFO  LogReader:24 - chrome browser launched
2024-06-24 11:08:45 INFO  LogReader:24 - url launched
2024-06-24 11:15:35 INFO  LogReader:24 - chrome browser launched
2024-06-24 11:15:35 INFO  LogReader:24 - url launched
2024-06-24 11:15:42 INFO  LogReader:24 - chrome browser launched
2024-06-24 11:15:43 INFO  LogReader:24 - url launched
2024-06-24 11:18:52 INFO  LogReader:24 - chrome browser launched
2024-06-24 11:18:53 INFO  LogReader:24 - url launched
2024-06-24 11:18:58 INFO  LogReader:24 - chrome browser launched
2024-06-24 11:19:00 INFO  LogReader:24 - url launched
2024-06-24 11:20:52 INFO  LogReader:24 - chrome browser launched
2024-06-24 11:20:53 INFO  LogReader:24 - url launched
2024-06-24 11:21:06 INFO  LogReader:24 - chrome browser launched
2024-06-24 11:21:07 INFO  LogReader:24 - url launched
2024-06-24 11:23:04 INFO  LogReader:24 - chrome browser launched
2024-06-24 11:23:05 INFO  LogReader:24 - url launched
2024-06-24 11:23:10 INFO  LogReader:24 - chrome browser launched
2024-06-24 11:23:12 INFO  LogReader:24 - url launched
2024-06-24 11:37:47 INFO  LogReader:24 - chrome browser launched
2024-06-24 11:37:48 INFO  LogReader:24 - url launched
2024-06-24 11:37:55 INFO  LogReader:24 - chrome browser launched
2024-06-24 11:37:56 INFO  LogReader:24 - url launched
2024-06-24 11:39:57 INFO  LogReader:24 - chrome browser launched
2024-06-24 11:39:57 INFO  LogReader:24 - url launched
2024-06-24 11:40:05 INFO  LogReader:24 - chrome browser launched
2024-06-24 11:40:06 INFO  LogReader:24 - url launched
2024-06-24 11:46:56 INFO  LogReader:24 - chrome browser launched
2024-06-24 11:46:57 INFO  LogReader:24 - url launched
2024-06-24 11:47:04 INFO  LogReader:24 - chrome browser launched
2024-06-24 11:47:05 INFO  LogReader:24 - url launched
2024-06-24 11:49:19 INFO  LogReader:24 - chrome browser launched
2024-06-24 11:49:20 INFO  LogReader:24 - url launched
2024-06-24 11:49:27 INFO  LogReader:24 - chrome browser launched
2024-06-24 11:49:29 INFO  LogReader:24 - url launched
2024-06-24 12:04:26 INFO  LogReader:24 - chrome browser launched
2024-06-24 12:04:27 INFO  LogReader:24 - url launched
2024-06-24 12:04:30 INFO  LogReader:24 - chrome browser launched
2024-06-24 12:04:31 INFO  LogReader:24 - url launched
2024-06-24 12:07:34 INFO  LogReader:24 - chrome browser launched
2024-06-24 12:07:35 INFO  LogReader:24 - url launched
2024-06-24 12:07:39 INFO  LogReader:24 - chrome browser launched
2024-06-24 12:07:39 INFO  LogReader:24 - url launched
2024-06-24 12:10:18 INFO  LogReader:24 - chrome browser launched
2024-06-24 12:10:19 INFO  LogReader:24 - url launched
2024-06-24 12:10:23 INFO  LogReader:24 - chrome browser launched
2024-06-24 12:10:24 INFO  LogReader:24 - url launched
2024-06-24 12:18:30 INFO  LogReader:24 - chrome browser launched
2024-06-24 12:18:31 INFO  LogReader:24 - url launched
2024-06-24 12:18:35 INFO  LogReader:24 - chrome browser launched
2024-06-24 12:18:36 INFO  LogReader:24 - url launched
2024-06-24 12:20:41 INFO  LogReader:24 - chrome browser launched
2024-06-24 12:20:42 INFO  LogReader:24 - url launched
2024-06-24 12:24:45 INFO  LogReader:24 - chrome browser launched
2024-06-24 12:24:46 INFO  LogReader:24 - url launched
2024-06-24 12:24:50 INFO  LogReader:24 - chrome browser launched
2024-06-24 12:24:51 INFO  LogReader:24 - url launched
2024-06-24 12:27:23 INFO  LogReader:24 - chrome browser launched
2024-06-24 12:27:23 INFO  LogReader:24 - url launched
2024-06-24 12:27:27 INFO  LogReader:24 - chrome browser launched
2024-06-24 12:27:28 INFO  LogReader:24 - url launched
2024-06-24 12:28:41 INFO  LogReader:24 - chrome browser launched
2024-06-24 12:28:42 INFO  LogReader:24 - url launched
2024-06-24 12:28:46 INFO  LogReader:24 - chrome browser launched
2024-06-24 12:28:47 INFO  LogReader:24 - url launched
2024-06-24 12:29:44 INFO  LogReader:24 - chrome browser launched
2024-06-24 12:29:45 INFO  LogReader:24 - url launched
2024-06-24 12:29:49 INFO  LogReader:24 - chrome browser launched
2024-06-24 12:29:49 INFO  LogReader:24 - url launched
2024-06-24 12:31:22 INFO  LogReader:24 - chrome browser launched
2024-06-24 12:31:23 INFO  LogReader:24 - url launched
2024-06-24 12:31:27 INFO  LogReader:24 - chrome browser launched
2024-06-24 12:31:28 INFO  LogReader:24 - url launched
2024-06-24 12:35:17 INFO  LogReader:24 - chrome browser launched
2024-06-24 12:35:18 INFO  LogReader:24 - url launched
2024-06-24 12:35:22 INFO  LogReader:24 - chrome browser launched
2024-06-24 12:35:23 INFO  LogReader:24 - url launched
2024-06-24 12:36:02 INFO  LogReader:24 - chrome browser launched
2024-06-24 12:36:03 INFO  LogReader:24 - url launched
2024-06-24 12:36:07 INFO  LogReader:24 - chrome browser launched
2024-06-24 12:36:08 INFO  LogReader:24 - url launched
2024-06-24 12:37:07 INFO  LogReader:24 - chrome browser launched
2024-06-24 12:37:08 INFO  LogReader:24 - url launched
2024-06-24 12:37:12 INFO  LogReader:24 - chrome browser launched
2024-06-24 12:37:12 INFO  LogReader:24 - url launched
2024-06-24 12:37:53 INFO  LogReader:24 - chrome browser launched
2024-06-24 12:37:54 INFO  LogReader:24 - url launched
2024-06-24 12:37:58 INFO  LogReader:24 - chrome browser launched
2024-06-24 12:37:59 INFO  LogReader:24 - url launched
2024-06-24 12:52:13 INFO  LogReader:24 - chrome browser launched
2024-06-24 12:52:14 INFO  LogReader:24 - url launched
2024-06-24 12:52:18 INFO  LogReader:24 - chrome browser launched
2024-06-24 12:52:18 INFO  LogReader:24 - url launched
2024-06-24 12:54:25 INFO  LogReader:24 - chrome browser launched
2024-06-24 12:54:26 INFO  LogReader:24 - url launched
2024-06-24 12:54:30 INFO  LogReader:24 - chrome browser launched
2024-06-24 12:54:31 INFO  LogReader:24 - url launched
2024-06-24 12:56:44 INFO  LogReader:24 - chrome browser launched
2024-06-24 12:56:45 INFO  LogReader:24 - url launched
2024-06-24 12:56:49 INFO  LogReader:24 - chrome browser launched
2024-06-24 12:56:49 INFO  LogReader:24 - url launched
2024-06-24 12:57:10 INFO  LogReader:24 - chrome browser launched
2024-06-24 12:57:11 INFO  LogReader:24 - url launched
2024-06-24 12:57:15 INFO  LogReader:24 - chrome browser launched
2024-06-24 12:57:16 INFO  LogReader:24 - url launched
2024-06-24 12:59:22 INFO  LogReader:24 - chrome browser launched
2024-06-24 12:59:22 INFO  LogReader:24 - url launched
2024-06-24 13:01:59 INFO  LogReader:24 - chrome browser launched
2024-06-24 13:02:00 INFO  LogReader:24 - url launched
2024-06-24 13:02:04 INFO  LogReader:24 - chrome browser launched
2024-06-24 13:02:05 INFO  LogReader:24 - url launched
2024-06-24 13:16:59 INFO  LogReader:24 - chrome browser launched
2024-06-24 13:17:00 INFO  LogReader:24 - url launched
2024-06-24 13:17:04 INFO  LogReader:24 - chrome browser launched
2024-06-24 13:17:05 INFO  LogReader:24 - url launched
2024-06-24 13:21:43 INFO  LogReader:24 - chrome browser launched
2024-06-24 13:21:44 INFO  LogReader:24 - url launched
2024-06-24 13:21:48 INFO  LogReader:24 - chrome browser launched
2024-06-24 13:21:49 INFO  LogReader:24 - url launched
2024-06-24 13:22:24 INFO  LogReader:24 - chrome browser launched
2024-06-24 13:22:24 INFO  LogReader:24 - url launched
2024-06-24 13:22:29 INFO  LogReader:24 - chrome browser launched
2024-06-24 13:22:30 INFO  LogReader:24 - url launched
2024-06-24 13:24:04 INFO  LogReader:24 - chrome browser launched
2024-06-24 13:24:04 INFO  LogReader:24 - url launched
2024-06-24 13:24:08 INFO  LogReader:24 - chrome browser launched
2024-06-24 13:24:09 INFO  LogReader:24 - url launched
2024-06-24 14:51:26 INFO  LogReader:24 - chrome browser launched
2024-06-24 14:51:27 INFO  LogReader:24 - url launched
2024-06-24 14:51:31 INFO  LogReader:24 - chrome browser launched
2024-06-24 14:51:32 INFO  LogReader:24 - url launched
2024-06-24 14:52:41 INFO  LogReader:24 - chrome browser launched
2024-06-24 14:52:42 INFO  LogReader:24 - url launched
2024-06-24 14:52:51 INFO  LogReader:24 - chrome browser launched
2024-06-24 14:52:52 INFO  LogReader:24 - url launched
2024-06-24 14:57:36 INFO  LogReader:24 - chrome browser launched
2024-06-24 14:57:37 INFO  LogReader:24 - url launched
2024-06-24 14:57:41 INFO  LogReader:24 - chrome browser launched
2024-06-24 14:57:42 INFO  LogReader:24 - url launched
2024-06-24 14:59:25 INFO  LogReader:24 - chrome browser launched
2024-06-24 14:59:26 INFO  LogReader:24 - url launched
2024-06-24 14:59:30 INFO  LogReader:24 - chrome browser launched
2024-06-24 14:59:31 INFO  LogReader:24 - url launched
2024-06-24 15:36:58 INFO  LogReader:24 - chrome browser launched
2024-06-24 15:36:59 INFO  LogReader:24 - url launched
2024-06-24 15:37:06 INFO  LogReader:24 - chrome browser launched
2024-06-24 15:37:07 INFO  LogReader:24 - url launched
2024-06-24 15:38:17 INFO  LogReader:24 - chrome browser launched
2024-06-24 15:38:18 INFO  LogReader:24 - url launched
2024-06-24 15:38:25 INFO  LogReader:24 - chrome browser launched
2024-06-24 15:38:26 INFO  LogReader:24 - url launched
2024-06-24 15:39:10 INFO  LogReader:24 - chrome browser launched
2024-06-24 15:39:11 INFO  LogReader:24 - url launched
2024-06-24 15:39:18 INFO  LogReader:24 - chrome browser launched
2024-06-24 15:39:19 INFO  LogReader:24 - url launched
2024-06-24 15:43:23 INFO  LogReader:24 - chrome browser launched
2024-06-24 15:43:24 INFO  LogReader:24 - url launched
2024-06-24 15:43:28 INFO  LogReader:24 - chrome browser launched
2024-06-24 15:43:28 INFO  LogReader:24 - url launched
2024-06-24 15:47:25 INFO  LogReader:24 - chrome browser launched
2024-06-24 15:47:25 INFO  LogReader:24 - url launched
2024-06-24 15:47:29 INFO  LogReader:24 - chrome browser launched
2024-06-24 15:47:30 INFO  LogReader:24 - url launched
2024-06-24 15:48:37 INFO  LogReader:24 - chrome browser launched
2024-06-24 15:48:38 INFO  LogReader:24 - url launched
2024-06-24 15:48:42 INFO  LogReader:24 - chrome browser launched
2024-06-24 15:48:43 INFO  LogReader:24 - url launched
2024-06-24 15:49:14 INFO  LogReader:24 - chrome browser launched
2024-06-24 15:49:15 INFO  LogReader:24 - url launched
2024-06-24 15:49:19 INFO  LogReader:24 - chrome browser launched
2024-06-24 15:49:20 INFO  LogReader:24 - url launched
2024-06-24 15:54:52 INFO  LogReader:24 - chrome browser launched
2024-06-24 15:54:52 INFO  LogReader:24 - url launched
2024-06-24 15:54:57 INFO  LogReader:24 - chrome browser launched
2024-06-24 15:54:57 INFO  LogReader:24 - url launched
2024-06-24 15:55:19 INFO  LogReader:24 - chrome browser launched
2024-06-24 15:55:19 INFO  LogReader:24 - url launched
2024-06-24 15:55:23 INFO  LogReader:24 - chrome browser launched
2024-06-24 15:55:24 INFO  LogReader:24 - url launched
2024-06-24 16:15:30 INFO  LogReader:24 - chrome browser launched
2024-06-24 16:15:31 INFO  LogReader:24 - url launched
2024-06-24 16:15:35 INFO  LogReader:24 - chrome browser launched
2024-06-24 16:15:36 INFO  LogReader:24 - url launched
2024-06-24 16:18:18 INFO  LogReader:24 - chrome browser launched
2024-06-24 16:18:19 INFO  LogReader:24 - url launched
2024-06-24 16:18:23 INFO  LogReader:24 - chrome browser launched
2024-06-24 16:18:25 INFO  LogReader:24 - url launched
2024-06-24 16:40:45 INFO  LogReader:24 - chrome browser launched
2024-06-24 16:40:47 INFO  LogReader:24 - url launched
2024-06-24 16:40:54 INFO  LogReader:24 - chrome browser launched
2024-06-24 16:40:56 INFO  LogReader:24 - url launched
2024-06-24 16:44:43 INFO  LogReader:24 - chrome browser launched
2024-06-24 16:44:45 INFO  LogReader:24 - url launched
2024-06-24 16:44:50 INFO  LogReader:24 - chrome browser launched
2024-06-24 16:44:51 INFO  LogReader:24 - url launched
2024-06-24 23:24:58 INFO  LogReader:24 - chrome browser launched
2024-06-24 23:24:59 INFO  LogReader:24 - url launched
2024-06-24 23:25:10 INFO  LogReader:24 - chrome browser launched
2024-06-24 23:25:11 INFO  LogReader:24 - url launched
2024-06-24 23:27:36 INFO  LogReader:24 - chrome browser launched
2024-06-24 23:27:37 INFO  LogReader:24 - url launched
2024-06-24 23:27:44 INFO  LogReader:24 - chrome browser launched
2024-06-24 23:27:45 INFO  LogReader:24 - url launched
2024-06-24 23:30:47 INFO  LogReader:24 - chrome browser launched
2024-06-24 23:30:48 INFO  LogReader:24 - url launched
2024-06-24 23:30:52 INFO  LogReader:24 - chrome browser launched
2024-06-24 23:30:53 INFO  LogReader:24 - url launched
2024-06-24 23:31:53 INFO  LogReader:24 - chrome browser launched
2024-06-24 23:31:55 INFO  LogReader:24 - url launched
2024-06-24 23:31:59 INFO  LogReader:24 - chrome browser launched
2024-06-24 23:32:00 INFO  LogReader:24 - url launched
2024-06-24 23:44:25 INFO  LogReader:24 - chrome browser launched
2024-06-24 23:44:26 INFO  LogReader:24 - url launched
2024-06-24 23:44:31 INFO  LogReader:24 - chrome browser launched
2024-06-24 23:44:32 INFO  LogReader:24 - url launched
2024-06-25 00:09:21 INFO  LogReader:24 - chrome browser launched
2024-06-25 00:09:23 INFO  LogReader:24 - url launched
2024-06-25 00:09:27 INFO  LogReader:24 - chrome browser launched
2024-06-25 00:09:28 INFO  LogReader:24 - url launched
2024-06-25 06:36:40 INFO  LogReader:24 - chrome browser launched
2024-06-25 06:36:41 INFO  LogReader:24 - url launched
2024-06-25 06:36:45 INFO  LogReader:24 - chrome browser launched
2024-06-25 06:36:46 INFO  LogReader:24 - url launched
2024-06-25 06:40:44 INFO  LogReader:24 - chrome browser launched
2024-06-25 06:40:45 INFO  LogReader:24 - url launched
2024-06-25 06:40:49 INFO  LogReader:24 - chrome browser launched
2024-06-25 06:40:50 INFO  LogReader:24 - url launched
2024-06-25 06:51:01 INFO  LogReader:24 - chrome browser launched
2024-06-25 06:51:02 INFO  LogReader:24 - url launched
2024-06-25 06:51:06 INFO  LogReader:24 - chrome browser launched
2024-06-25 06:51:06 INFO  LogReader:24 - url launched
2024-06-25 07:03:15 INFO  LogReader:24 - chrome browser launched
2024-06-25 07:03:16 INFO  LogReader:24 - url launched
2024-06-25 07:03:22 INFO  LogReader:24 - chrome browser launched
2024-06-25 07:03:23 INFO  LogReader:24 - url launched
2024-06-25 07:13:27 INFO  LogReader:24 - chrome browser launched
2024-06-25 07:13:28 INFO  LogReader:24 - url launched
2024-06-25 07:13:40 INFO  LogReader:24 - chrome browser launched
2024-06-25 07:13:41 INFO  LogReader:24 - url launched
2024-06-25 07:22:04 INFO  LogReader:24 - chrome browser launched
2024-06-25 07:22:05 INFO  LogReader:24 - url launched
2024-06-25 07:22:17 INFO  LogReader:24 - chrome browser launched
2024-06-25 07:22:18 INFO  LogReader:24 - url launched
2024-06-25 07:31:11 INFO  LogReader:24 - chrome browser launched
2024-06-25 07:31:11 INFO  LogReader:24 - url launched
2024-06-25 07:31:19 INFO  LogReader:24 - chrome browser launched
2024-06-25 07:31:19 INFO  LogReader:24 - url launched
2024-06-25 07:34:23 INFO  LogReader:24 - chrome browser launched
2024-06-25 07:34:24 INFO  LogReader:24 - url launched
2024-06-25 07:34:33 INFO  LogReader:24 - chrome browser launched
2024-06-25 07:34:34 INFO  LogReader:24 - url launched
2024-06-25 08:11:14 INFO  LogReader:24 - chrome browser launched
2024-06-25 08:11:15 INFO  LogReader:24 - url launched
2024-06-25 08:11:22 INFO  LogReader:24 - chrome browser launched
2024-06-25 08:11:23 INFO  LogReader:24 - url launched
2024-06-25 08:15:11 INFO  LogReader:24 - chrome browser launched
2024-06-25 08:15:12 INFO  LogReader:24 - url launched
2024-06-25 08:15:24 INFO  LogReader:24 - chrome browser launched
2024-06-25 08:15:25 INFO  LogReader:24 - url launched
2024-06-25 08:16:33 INFO  LogReader:24 - chrome browser launched
2024-06-25 08:16:34 INFO  LogReader:24 - url launched
2024-06-25 08:16:46 INFO  LogReader:24 - chrome browser launched
2024-06-25 08:16:47 INFO  LogReader:24 - url launched
2024-06-25 08:24:55 INFO  LogReader:24 - chrome browser launched
2024-06-25 08:24:55 INFO  LogReader:24 - url launched
2024-06-25 08:25:08 INFO  LogReader:24 - chrome browser launched
2024-06-25 08:25:08 INFO  LogReader:24 - url launched
2024-06-25 08:26:12 INFO  LogReader:24 - chrome browser launched
2024-06-25 08:26:12 ERROR LogReader:28 - Cannot invoke "org.openqa.selenium.WebDriver.manage()" because "com.base.BaseClass.driver" is null
2024-06-25 08:26:12 INFO  LogReader:24 - chrome browser launched
2024-06-25 08:26:12 ERROR LogReader:28 - Cannot invoke "org.openqa.selenium.WebDriver.manage()" because "com.base.BaseClass.driver" is null
2024-06-25 08:30:01 INFO  LogReader:24 - chrome browser launched
2024-06-25 08:30:01 ERROR LogReader:28 - Cannot invoke "org.openqa.selenium.WebDriver.manage()" because "com.base.BaseClass.driver" is null
2024-06-25 08:32:32 INFO  LogReader:24 - chrome browser launched
2024-06-25 08:32:32 INFO  LogReader:24 - url launched
2024-06-25 08:33:25 INFO  LogReader:24 - chrome browser launched
2024-06-25 08:33:25 ERROR LogReader:28 - Cannot invoke "org.openqa.selenium.WebDriver.manage()" because "com.base.BaseClass.driver" is null
2024-06-25 08:33:49 INFO  LogReader:24 - chrome browser launched
2024-06-25 08:33:49 ERROR LogReader:28 - Cannot invoke "org.openqa.selenium.WebDriver.manage()" because "com.base.BaseClass.driver" is null
2024-06-25 08:35:39 INFO  LogReader:24 - chrome browser launched
2024-06-25 08:35:40 INFO  LogReader:24 - url launched
2024-06-25 08:37:48 INFO  LogReader:24 - chrome browser launched
2024-06-25 08:37:49 INFO  LogReader:24 - url launched
2024-06-25 10:30:20 INFO  LogReader:24 - chrome browser launched
2024-06-25 10:30:21 INFO  LogReader:24 - url launched
2024-06-25 10:32:30 INFO  LogReader:24 - chrome browser launched
2024-06-25 10:32:30 INFO  LogReader:24 - url launched
2024-06-25 10:37:46 INFO  LogReader:24 - chrome browser launched
2024-06-25 10:37:47 INFO  LogReader:24 - url launched
2024-06-25 10:37:59 INFO  LogReader:24 - chrome browser launched
2024-06-25 10:38:00 INFO  LogReader:24 - url launched
2024-06-25 10:41:26 INFO  LogReader:24 - chrome browser launched
2024-06-25 10:41:27 INFO  LogReader:24 - url launched
2024-06-25 10:41:45 INFO  LogReader:24 - chrome browser launched
2024-06-25 10:41:46 INFO  LogReader:24 - url launched
2024-06-25 10:42:59 INFO  LogReader:24 - chrome browser launched
2024-06-25 10:43:00 INFO  LogReader:24 - url launched
2024-06-25 10:43:18 INFO  LogReader:24 - chrome browser launched
2024-06-25 10:43:19 INFO  LogReader:24 - url launched
2024-06-25 10:58:49 INFO  LogReader:24 - chrome browser launched
2024-06-25 10:58:50 INFO  LogReader:24 - url launched
2024-06-25 11:01:07 INFO  LogReader:24 - chrome browser launched
2024-06-25 11:01:11 INFO  LogReader:24 - url launched
2024-06-26 14:43:23 INFO  LogReader:24 - chrome browser launched
2024-06-26 14:43:24 INFO  LogReader:24 - url launched
2024-06-26 14:48:50 INFO  LogReader:24 - chrome browser launched
2024-06-26 14:48:51 INFO  LogReader:24 - url launched
2024-06-26 14:50:59 INFO  LogReader:24 - chrome browser launched
2024-06-26 14:51:00 INFO  LogReader:24 - url launched
2024-06-26 14:52:28 INFO  LogReader:24 - chrome browser launched
2024-06-26 14:52:28 INFO  LogReader:24 - url launched
2024-06-26 14:54:37 INFO  LogReader:24 - chrome browser launched
2024-06-26 14:54:38 INFO  LogReader:24 - url launched
2024-06-26 14:59:32 INFO  LogReader:24 - chrome browser launched
2024-06-26 14:59:33 INFO  LogReader:24 - url launched
2024-06-26 15:01:42 INFO  LogReader:24 - chrome browser launched
2024-06-26 15:01:42 INFO  LogReader:24 - url launched
2024-06-26 15:05:24 INFO  LogReader:24 - chrome browser launched
2024-06-26 15:05:25 INFO  LogReader:24 - url launched
2024-06-26 15:07:34 INFO  LogReader:24 - chrome browser launched
2024-06-26 15:07:35 INFO  LogReader:24 - url launched
2024-06-26 15:15:39 INFO  LogReader:24 - chrome browser launched
2024-06-26 15:15:39 INFO  LogReader:24 - url launched
2024-06-26 15:17:48 INFO  LogReader:24 - chrome browser launched
2024-06-26 15:17:48 INFO  LogReader:24 - url launched
2024-06-26 15:41:39 INFO  LogReader:24 - chrome browser launched
2024-06-26 15:41:40 INFO  LogReader:24 - url launched
2024-06-26 15:42:06 INFO  LogReader:24 - chrome browser launched
2024-06-26 15:42:07 INFO  LogReader:24 - url launched
2024-06-26 15:46:03 INFO  LogReader:24 - chrome browser launched
2024-06-26 15:46:04 INFO  LogReader:24 - url launched
2024-06-26 15:46:30 INFO  LogReader:24 - chrome browser launched
2024-06-26 15:46:31 INFO  LogReader:24 - url launched
2024-06-26 15:49:05 INFO  LogReader:24 - chrome browser launched
2024-06-26 15:49:05 INFO  LogReader:24 - url launched
2024-06-26 15:50:38 INFO  LogReader:24 - chrome browser launched
2024-06-26 15:50:39 INFO  LogReader:24 - url launched
2024-06-26 15:52:13 INFO  LogReader:24 - chrome browser launched
2024-06-26 15:52:15 INFO  LogReader:24 - url launched
2024-06-26 15:54:04 INFO  LogReader:24 - chrome browser launched
2024-06-26 15:54:06 INFO  LogReader:24 - url launched
2024-06-26 15:56:27 INFO  LogReader:24 - chrome browser launched
2024-06-26 15:56:28 INFO  LogReader:24 - url launched
2024-06-26 16:21:00 INFO  LogReader:24 - chrome browser launched
2024-06-26 16:21:02 INFO  LogReader:24 - url launched
